{"/home/travis/build/npmtest/node-npmtest-zookeeper/test.js":{"path":"/home/travis/build/npmtest/node-npmtest-zookeeper/test.js","s":{"1":2,"2":2,"3":2,"4":2,"5":2,"6":2,"7":2,"8":1,"9":2,"10":2,"11":1,"12":1,"13":1,"14":1,"15":2,"16":2,"17":2,"18":2,"19":1,"20":1,"21":2,"22":2,"23":2,"24":1,"25":1,"26":1,"27":1,"28":1,"29":1,"30":1,"31":1,"32":1,"33":1,"34":1,"35":1,"36":1,"37":1,"38":1,"39":2,"40":2,"41":1,"42":2,"43":2,"44":1,"45":2,"46":2,"47":1,"48":2,"49":2,"50":1,"51":1,"52":1,"53":1,"54":1},"b":{"1":[2,1,1,1],"2":[1,1,1,1],"3":[1,1],"4":[1,1],"5":[1,1],"6":[1,1],"7":[1,1],"8":[1,1],"9":[1,1],"10":[1,1,1],"11":[1,1],"12":[1,1],"13":[1,1],"14":[1,1],"15":[1,1],"16":[1,1],"17":[1,1]},"f":{"1":2,"2":2,"3":2,"4":2,"5":2,"6":1,"7":1,"8":1,"9":2,"10":2,"11":2,"12":2,"13":1},"fnMap":{"1":{"name":"(anonymous_1)","line":12,"loc":{"start":{"line":12,"column":1},"end":{"line":12,"column":13}}},"2":{"name":"(anonymous_2)","line":19,"loc":{"start":{"line":19,"column":5},"end":{"line":19,"column":17}}},"3":{"name":"(anonymous_3)","line":23,"loc":{"start":{"line":23,"column":24},"end":{"line":23,"column":36}}},"4":{"name":"(anonymous_4)","line":61,"loc":{"start":{"line":61,"column":5},"end":{"line":61,"column":17}}},"5":{"name":"(anonymous_5)","line":82,"loc":{"start":{"line":82,"column":5},"end":{"line":82,"column":17}}},"6":{"name":"(anonymous_6)","line":91,"loc":{"start":{"line":91,"column":77},"end":{"line":94,"column":10}}},"7":{"name":"(anonymous_7)","line":112,"loc":{"start":{"line":112,"column":83},"end":{"line":115,"column":10}},"skip":true},"8":{"name":"(anonymous_8)","line":123,"loc":{"start":{"line":123,"column":77},"end":{"line":126,"column":10}},"skip":true},"9":{"name":"(anonymous_9)","line":139,"loc":{"start":{"line":139,"column":12},"end":{"line":139,"column":40}},"skip":true},"10":{"name":"(anonymous_10)","line":147,"loc":{"start":{"line":147,"column":77},"end":{"line":150,"column":10}},"skip":true},"11":{"name":"(anonymous_11)","line":158,"loc":{"start":{"line":158,"column":83},"end":{"line":161,"column":10}},"skip":true},"12":{"name":"(anonymous_12)","line":169,"loc":{"start":{"line":169,"column":79},"end":{"line":172,"column":10}},"skip":true},"13":{"name":"(anonymous_13)","line":180,"loc":{"start":{"line":180,"column":75},"end":{"line":183,"column":10}},"skip":true}},"statementMap":{"1":{"start":{"line":12,"column":0},"end":{"line":195,"column":5}},"2":{"start":{"line":14,"column":4},"end":{"line":14,"column":14}},"3":{"start":{"line":19,"column":4},"end":{"line":56,"column":9}},"4":{"start":{"line":21,"column":8},"end":{"line":21,"column":19}},"5":{"start":{"line":23,"column":8},"end":{"line":35,"column":13}},"6":{"start":{"line":24,"column":12},"end":{"line":34,"column":13}},"7":{"start":{"line":25,"column":16},"end":{"line":28,"column":30}},"8":{"start":{"line":30,"column":16},"end":{"line":33,"column":27}},"9":{"start":{"line":37,"column":8},"end":{"line":39,"column":21}},"10":{"start":{"line":40,"column":8},"end":{"line":53,"column":9}},"11":{"start":{"line":43,"column":12},"end":{"line":46,"column":14}},"12":{"start":{"line":47,"column":12},"end":{"line":47,"column":18}},"13":{"start":{"line":50,"column":12},"end":{"line":51,"column":33}},"14":{"start":{"line":52,"column":12},"end":{"line":52,"column":18}},"15":{"start":{"line":55,"column":8},"end":{"line":55,"column":35}},"16":{"start":{"line":61,"column":4},"end":{"line":63,"column":9}},"17":{"start":{"line":62,"column":8},"end":{"line":62,"column":15}},"18":{"start":{"line":64,"column":4},"end":{"line":77,"column":5}},"19":{"start":{"line":70,"column":8},"end":{"line":70,"column":14}},"20":{"start":{"line":76,"column":8},"end":{"line":76,"column":14}},"21":{"start":{"line":82,"column":4},"end":{"line":84,"column":9}},"22":{"start":{"line":83,"column":8},"end":{"line":83,"column":15}},"23":{"start":{"line":85,"column":4},"end":{"line":194,"column":5}},"24":{"start":{"line":91,"column":8},"end":{"line":99,"column":10}},"25":{"start":{"line":98,"column":12},"end":{"line":98,"column":35}},"26":{"start":{"line":102,"column":8},"end":{"line":104,"column":63}},"27":{"start":{"line":105,"column":8},"end":{"line":105,"column":14}},"28":{"start":{"line":112,"column":8},"end":{"line":121,"column":10},"skip":true},"29":{"start":{"line":119,"column":12},"end":{"line":119,"column":55},"skip":true},"30":{"start":{"line":120,"column":12},"end":{"line":120,"column":48},"skip":true},"31":{"start":{"line":123,"column":8},"end":{"line":136,"column":10},"skip":true},"32":{"start":{"line":130,"column":12},"end":{"line":130,"column":76},"skip":true},"33":{"start":{"line":131,"column":12},"end":{"line":131,"column":73},"skip":true},"34":{"start":{"line":132,"column":12},"end":{"line":132,"column":74},"skip":true},"35":{"start":{"line":133,"column":12},"end":{"line":133,"column":79},"skip":true},"36":{"start":{"line":134,"column":12},"end":{"line":134,"column":25},"skip":true},"37":{"start":{"line":135,"column":12},"end":{"line":135,"column":45},"skip":true},"38":{"start":{"line":138,"column":8},"end":{"line":145,"column":14},"skip":true},"39":{"start":{"line":143,"column":16},"end":{"line":143,"column":29},"skip":true},"40":{"start":{"line":144,"column":16},"end":{"line":144,"column":55},"skip":true},"41":{"start":{"line":147,"column":8},"end":{"line":156,"column":10},"skip":true},"42":{"start":{"line":154,"column":12},"end":{"line":154,"column":25},"skip":true},"43":{"start":{"line":155,"column":12},"end":{"line":155,"column":45},"skip":true},"44":{"start":{"line":158,"column":8},"end":{"line":167,"column":10},"skip":true},"45":{"start":{"line":165,"column":12},"end":{"line":165,"column":25},"skip":true},"46":{"start":{"line":166,"column":12},"end":{"line":166,"column":48},"skip":true},"47":{"start":{"line":169,"column":8},"end":{"line":178,"column":10},"skip":true},"48":{"start":{"line":176,"column":12},"end":{"line":176,"column":25},"skip":true},"49":{"start":{"line":177,"column":12},"end":{"line":177,"column":46},"skip":true},"50":{"start":{"line":180,"column":8},"end":{"line":189,"column":10},"skip":true},"51":{"start":{"line":187,"column":12},"end":{"line":187,"column":94},"skip":true},"52":{"start":{"line":188,"column":12},"end":{"line":188,"column":48},"skip":true},"53":{"start":{"line":192,"column":8},"end":{"line":192,"column":35},"skip":true},"54":{"start":{"line":193,"column":8},"end":{"line":193,"column":14},"skip":true}},"branchMap":{"1":{"line":25,"type":"binary-expr","locations":[{"start":{"line":25,"column":23},"end":{"line":25,"column":62}},{"start":{"line":26,"column":20},"end":{"line":26,"column":70}},{"start":{"line":27,"column":20},"end":{"line":27,"column":71}},{"start":{"line":28,"column":20},"end":{"line":28,"column":29}}]},"2":{"line":30,"type":"binary-expr","locations":[{"start":{"line":30,"column":23},"end":{"line":30,"column":37}},{"start":{"line":31,"column":20},"end":{"line":31,"column":61}},{"start":{"line":32,"column":20},"end":{"line":32,"column":70}},{"start":{"line":33,"column":20},"end":{"line":33,"column":26}}]},"3":{"line":37,"type":"cond-expr","locations":[{"start":{"line":38,"column":14},"end":{"line":38,"column":20}},{"start":{"line":39,"column":14},"end":{"line":39,"column":20}}]},"4":{"line":40,"type":"switch","locations":[{"start":{"line":42,"column":8},"end":{"line":47,"column":18}},{"start":{"line":49,"column":8},"end":{"line":52,"column":18}}]},"5":{"line":44,"type":"binary-expr","locations":[{"start":{"line":44,"column":16},"end":{"line":44,"column":44}},{"start":{"line":44,"column":48},"end":{"line":44,"column":66}}]},"6":{"line":50,"type":"binary-expr","locations":[{"start":{"line":50,"column":21},"end":{"line":50,"column":49}},{"start":{"line":50,"column":53},"end":{"line":50,"column":72}}]},"7":{"line":64,"type":"switch","locations":[{"start":{"line":69,"column":4},"end":{"line":70,"column":14}},{"start":{"line":75,"column":4},"end":{"line":76,"column":14}}]},"8":{"line":85,"type":"switch","locations":[{"start":{"line":90,"column":4},"end":{"line":105,"column":14}},{"start":{"line":111,"column":4},"end":{"line":193,"column":14},"skip":true}]},"9":{"line":91,"type":"binary-expr","locations":[{"start":{"line":91,"column":42},"end":{"line":91,"column":73}},{"start":{"line":91,"column":77},"end":{"line":99,"column":9}}]},"10":{"line":102,"type":"binary-expr","locations":[{"start":{"line":102,"column":18},"end":{"line":102,"column":32}},{"start":{"line":103,"column":12},"end":{"line":103,"column":53}},{"start":{"line":104,"column":12},"end":{"line":104,"column":61}}]},"11":{"line":112,"type":"binary-expr","locations":[{"start":{"line":112,"column":45},"end":{"line":112,"column":79},"skip":true},{"start":{"line":112,"column":83},"end":{"line":121,"column":9},"skip":true}]},"12":{"line":123,"type":"binary-expr","locations":[{"start":{"line":123,"column":42},"end":{"line":123,"column":73},"skip":true},{"start":{"line":123,"column":77},"end":{"line":136,"column":9},"skip":true}]},"13":{"line":138,"type":"binary-expr","locations":[{"start":{"line":138,"column":48},"end":{"line":138,"column":85},"skip":true},{"start":{"line":139,"column":12},"end":{"line":145,"column":13},"skip":true}]},"14":{"line":147,"type":"binary-expr","locations":[{"start":{"line":147,"column":42},"end":{"line":147,"column":73},"skip":true},{"start":{"line":147,"column":77},"end":{"line":156,"column":9},"skip":true}]},"15":{"line":158,"type":"binary-expr","locations":[{"start":{"line":158,"column":45},"end":{"line":158,"column":79},"skip":true},{"start":{"line":158,"column":83},"end":{"line":167,"column":9},"skip":true}]},"16":{"line":169,"type":"binary-expr","locations":[{"start":{"line":169,"column":43},"end":{"line":169,"column":75},"skip":true},{"start":{"line":169,"column":79},"end":{"line":178,"column":9},"skip":true}]},"17":{"line":180,"type":"binary-expr","locations":[{"start":{"line":180,"column":41},"end":{"line":180,"column":71},"skip":true},{"start":{"line":180,"column":75},"end":{"line":189,"column":9},"skip":true}]}},"code":["/* istanbul instrument in package npmtest_zookeeper */","/*jslint","    bitwise: true,","    browser: true,","    maxerr: 8,","    maxlen: 96,","    node: true,","    nomen: true,","    regexp: true,","    stupid: true","*/","(function () {","    'use strict';","    var local;","","","","    // run shared js-env code - pre-init","    (function () {","        // init local","        local = {};","        // init modeJs","        local.modeJs = (function () {","            try {","                return typeof navigator.userAgent === 'string' &&","                    typeof document.querySelector('body') === 'object' &&","                    typeof XMLHttpRequest.prototype.open === 'function' &&","                    'browser';","            } catch (errorCaughtBrowser) {","                return module.exports &&","                    typeof process.versions.node === 'string' &&","                    typeof require('http').createServer === 'function' &&","                    'node';","            }","        }());","        // init global","        local.global = local.modeJs === 'browser'","            ? window","            : global;","        switch (local.modeJs) {","        // re-init local from window.local","        case 'browser':","            local = local.global.utility2.objectSetDefault(","                local.global.utility2_rollup || local.global.local,","                local.global.utility2","            );","            break;","        // re-init local from example.js","        case 'node':","            local = (local.global.utility2_rollup || require('utility2'))","                .requireReadme();","            break;","        }","        // export local","        local.global.local = local;","    }());","","","","    // run shared js-env code - function","    (function () {","        return;","    }());","    switch (local.modeJs) {","","","","    // run browser js-env code - function","    case 'browser':","        break;","","","","    // run node js-env code - function","    case 'node':","        break;","    }","","","","    // run shared js-env code - post-init","    (function () {","        return;","    }());","    switch (local.modeJs) {","","","","    // run browser js-env code - post-init","    case 'browser':","        local.testCase_browser_nullCase = local.testCase_browser_nullCase || function (","            options,","            onError","        ) {","        /*","         * this function will test browsers's null-case handling-behavior-behavior","         */","            onError(null, options);","        };","","        // run tests","        local.nop(local.modeTest &&","            document.querySelector('#testRunButton1') &&","            document.querySelector('#testRunButton1').click());","        break;","","","","    // run node js-env code - post-init","    /* istanbul ignore next */","    case 'node':","        local.testCase_buildApidoc_default = local.testCase_buildApidoc_default || function (","            options,","            onError","        ) {","        /*","         * this function will test buildApidoc's default handling-behavior-behavior","         */","            options = { modulePathList: module.paths };","            local.buildApidoc(options, onError);","        };","","        local.testCase_buildApp_default = local.testCase_buildApp_default || function (","            options,","            onError","        ) {","        /*","         * this function will test buildApp's default handling-behavior-behavior","         */","            local.testCase_buildReadme_default(options, local.onErrorThrow);","            local.testCase_buildLib_default(options, local.onErrorThrow);","            local.testCase_buildTest_default(options, local.onErrorThrow);","            local.testCase_buildCustomOrg_default(options, local.onErrorThrow);","            options = [];","            local.buildApp(options, onError);","        };","","        local.testCase_buildCustomOrg_default = local.testCase_buildCustomOrg_default ||","            function (options, onError) {","            /*","             * this function will test buildCustomOrg's default handling-behavior","             */","                options = {};","                local.buildCustomOrg(options, onError);","            };","","        local.testCase_buildLib_default = local.testCase_buildLib_default || function (","            options,","            onError","        ) {","        /*","         * this function will test buildLib's default handling-behavior","         */","            options = {};","            local.buildLib(options, onError);","        };","","        local.testCase_buildReadme_default = local.testCase_buildReadme_default || function (","            options,","            onError","        ) {","        /*","         * this function will test buildReadme's default handling-behavior-behavior","         */","            options = {};","            local.buildReadme(options, onError);","        };","","        local.testCase_buildTest_default = local.testCase_buildTest_default || function (","            options,","            onError","        ) {","        /*","         * this function will test buildTest's default handling-behavior","         */","            options = {};","            local.buildTest(options, onError);","        };","","        local.testCase_webpage_default = local.testCase_webpage_default || function (","            options,","            onError","        ) {","        /*","         * this function will test webpage's default handling-behavior","         */","            options = { modeCoverageMerge: true, url: local.serverLocalHost + '?modeTest=1' };","            local.browserTest(options, onError);","        };","","        // run test-server","        local.testRunServer(local);","        break;","    }","}());",""],"l":{"12":2,"14":2,"19":2,"21":2,"23":2,"24":2,"25":2,"30":1,"37":2,"40":2,"43":1,"47":1,"50":1,"52":1,"55":2,"61":2,"62":2,"64":2,"70":1,"76":1,"82":2,"83":2,"85":2,"91":1,"98":1,"102":1,"105":1,"112":1,"119":1,"120":1,"123":1,"130":1,"131":1,"132":1,"133":1,"134":1,"135":1,"138":1,"143":2,"144":2,"147":1,"154":2,"155":2,"158":1,"165":2,"166":2,"169":1,"176":2,"177":2,"180":1,"187":1,"188":1,"192":1,"193":1}},"/home/travis/build/npmtest/node-npmtest-zookeeper/lib.npmtest_zookeeper.js":{"path":"/home/travis/build/npmtest/node-npmtest-zookeeper/lib.npmtest_zookeeper.js","s":{"1":2,"2":2,"3":2,"4":2,"5":2,"6":2,"7":2,"8":1,"9":2,"10":2,"11":2,"12":2,"13":1,"14":1,"15":1,"16":1},"b":{"1":[2,1,1,1],"2":[1,1,1,1],"3":[1,1],"4":[2,2],"5":[1,1]},"f":{"1":2,"2":2,"3":2},"fnMap":{"1":{"name":"(anonymous_1)","line":12,"loc":{"start":{"line":12,"column":1},"end":{"line":12,"column":13}}},"2":{"name":"(anonymous_2)","line":19,"loc":{"start":{"line":19,"column":5},"end":{"line":19,"column":17}}},"3":{"name":"(anonymous_3)","line":23,"loc":{"start":{"line":23,"column":24},"end":{"line":23,"column":36}}}},"statementMap":{"1":{"start":{"line":12,"column":0},"end":{"line":53,"column":5}},"2":{"start":{"line":14,"column":4},"end":{"line":14,"column":14}},"3":{"start":{"line":19,"column":4},"end":{"line":52,"column":9}},"4":{"start":{"line":21,"column":8},"end":{"line":21,"column":19}},"5":{"start":{"line":23,"column":8},"end":{"line":35,"column":13}},"6":{"start":{"line":24,"column":12},"end":{"line":34,"column":13}},"7":{"start":{"line":25,"column":16},"end":{"line":28,"column":30}},"8":{"start":{"line":30,"column":16},"end":{"line":33,"column":27}},"9":{"start":{"line":37,"column":8},"end":{"line":39,"column":21}},"10":{"start":{"line":41,"column":8},"end":{"line":41,"column":54}},"11":{"start":{"line":43,"column":8},"end":{"line":43,"column":54}},"12":{"start":{"line":45,"column":8},"end":{"line":51,"column":9}},"13":{"start":{"line":46,"column":12},"end":{"line":46,"column":60}},"14":{"start":{"line":48,"column":12},"end":{"line":48,"column":35}},"15":{"start":{"line":49,"column":12},"end":{"line":49,"column":49}},"16":{"start":{"line":50,"column":12},"end":{"line":50,"column":43}}},"branchMap":{"1":{"line":25,"type":"binary-expr","locations":[{"start":{"line":25,"column":23},"end":{"line":25,"column":62}},{"start":{"line":26,"column":20},"end":{"line":26,"column":70}},{"start":{"line":27,"column":20},"end":{"line":27,"column":71}},{"start":{"line":28,"column":20},"end":{"line":28,"column":29}}]},"2":{"line":30,"type":"binary-expr","locations":[{"start":{"line":30,"column":23},"end":{"line":30,"column":37}},{"start":{"line":31,"column":20},"end":{"line":31,"column":61}},{"start":{"line":32,"column":20},"end":{"line":32,"column":70}},{"start":{"line":33,"column":20},"end":{"line":33,"column":26}}]},"3":{"line":37,"type":"cond-expr","locations":[{"start":{"line":38,"column":14},"end":{"line":38,"column":20}},{"start":{"line":39,"column":14},"end":{"line":39,"column":20}}]},"4":{"line":41,"type":"binary-expr","locations":[{"start":{"line":41,"column":16},"end":{"line":41,"column":44}},{"start":{"line":41,"column":48},"end":{"line":41,"column":53}}]},"5":{"line":45,"type":"if","locations":[{"start":{"line":45,"column":8},"end":{"line":45,"column":8}},{"start":{"line":45,"column":8},"end":{"line":45,"column":8}}]}},"code":["/* istanbul instrument in package npmtest_zookeeper */","/*jslint","    bitwise: true,","    browser: true,","    maxerr: 8,","    maxlen: 96,","    node: true,","    nomen: true,","    regexp: true,","    stupid: true","*/","(function () {","    'use strict';","    var local;","","","","    // run shared js-env code - pre-init","    (function () {","        // init local","        local = {};","        // init modeJs","        local.modeJs = (function () {","            try {","                return typeof navigator.userAgent === 'string' &&","                    typeof document.querySelector('body') === 'object' &&","                    typeof XMLHttpRequest.prototype.open === 'function' &&","                    'browser';","            } catch (errorCaughtBrowser) {","                return module.exports &&","                    typeof process.versions.node === 'string' &&","                    typeof require('http').createServer === 'function' &&","                    'node';","            }","        }());","        // init global","        local.global = local.modeJs === 'browser'","            ? window","            : global;","        // init utility2_rollup","        local = local.global.utility2_rollup || local;","        // init lib","        local.local = local.npmtest_zookeeper = local;","        // init exports","        if (local.modeJs === 'browser') {","            local.global.utility2_npmtest_zookeeper = local;","        } else {","            module.exports = local;","            module.exports.__dirname = __dirname;","            module.exports.module = module;","        }","    }());","}());",""],"l":{"12":2,"14":2,"19":2,"21":2,"23":2,"24":2,"25":2,"30":1,"37":2,"41":2,"43":2,"45":2,"46":1,"48":1,"49":1,"50":1}},"/home/travis/build/npmtest/node-npmtest-zookeeper/example.js":{"path":"/home/travis/build/npmtest/node-npmtest-zookeeper/example.js","s":{"1":2,"2":2,"3":2,"4":2,"5":2,"6":2,"7":2,"8":1,"9":2,"10":2,"11":2,"12":2,"13":1,"14":2,"15":2,"16":2,"17":2,"18":2,"19":0,"20":2,"21":1,"22":1,"23":1,"24":1,"25":1,"26":0,"27":0,"28":1,"29":1,"30":2,"31":0,"32":0,"33":0,"34":1,"35":2,"36":2,"37":3,"38":3,"39":3,"40":3,"41":0,"42":3,"43":3,"44":3,"45":1,"46":3,"47":1,"48":1,"49":1,"50":1,"51":1,"52":1,"53":1,"54":1,"55":1,"56":1,"57":0,"58":1,"59":6,"60":6,"61":1,"62":2,"63":0,"64":2,"65":1,"66":1,"67":0,"68":0,"69":0,"70":0,"71":0,"72":0,"73":0,"74":0,"75":0,"76":0,"77":0,"78":0,"79":0,"80":0,"81":0,"82":0,"83":0},"b":{"1":[2,1,1,1],"2":[1,1,1,1],"3":[1,1],"4":[2,2],"5":[1,1],"6":[1,1],"7":[2,0],"8":[2,1,1,1,1,1],"9":[0,2,0],"10":[1,1],"11":[2,1,1],"12":[1,0],"13":[0,2],"14":[2,0,0,0,0,0,0],"15":[0,3],"16":[3,0],"17":[1,1],"18":[0,1],"19":[1,2,0,2],"20":[1,0],"21":[1,1],"22":[0,0],"23":[0,0],"24":[0,0],"25":[0,0],"26":[0,0],"27":[0,0],"28":[0,0]},"f":{"1":2,"2":2,"3":2,"4":2,"5":2,"6":2,"7":3,"8":3,"9":3,"10":1,"11":6,"12":0},"fnMap":{"1":{"name":"(anonymous_1)","line":26,"loc":{"start":{"line":26,"column":1},"end":{"line":26,"column":13}}},"2":{"name":"(anonymous_2)","line":33,"loc":{"start":{"line":33,"column":5},"end":{"line":33,"column":17}}},"3":{"name":"(anonymous_3)","line":37,"loc":{"start":{"line":37,"column":24},"end":{"line":37,"column":36}}},"4":{"name":"(anonymous_4)","line":69,"loc":{"start":{"line":69,"column":31},"end":{"line":69,"column":48}},"skip":true},"5":{"name":"(anonymous_5)","line":78,"loc":{"start":{"line":78,"column":26},"end":{"line":78,"column":45}},"skip":true},"6":{"name":"(anonymous_6)","line":123,"loc":{"start":{"line":123,"column":33},"end":{"line":123,"column":48}},"skip":true},"7":{"name":"(anonymous_7)","line":125,"loc":{"start":{"line":125,"column":27},"end":{"line":125,"column":39}},"skip":true},"8":{"name":"(anonymous_8)","line":133,"loc":{"start":{"line":133,"column":59},"end":{"line":133,"column":74}},"skip":true},"9":{"name":"(anonymous_9)","line":143,"loc":{"start":{"line":143,"column":45},"end":{"line":143,"column":62}},"skip":true},"10":{"name":"(anonymous_10)","line":144,"loc":{"start":{"line":144,"column":73},"end":{"line":144,"column":92}},"skip":true},"11":{"name":"(anonymous_11)","line":272,"loc":{"start":{"line":272,"column":51},"end":{"line":272,"column":77}},"skip":true},"12":{"name":"(anonymous_12)","line":315,"loc":{"start":{"line":315,"column":32},"end":{"line":315,"column":61}},"skip":true}},"statementMap":{"1":{"start":{"line":26,"column":0},"end":{"line":326,"column":5}},"2":{"start":{"line":28,"column":4},"end":{"line":28,"column":14}},"3":{"start":{"line":33,"column":4},"end":{"line":60,"column":9}},"4":{"start":{"line":35,"column":8},"end":{"line":35,"column":19}},"5":{"start":{"line":37,"column":8},"end":{"line":49,"column":13}},"6":{"start":{"line":38,"column":12},"end":{"line":48,"column":13}},"7":{"start":{"line":39,"column":16},"end":{"line":42,"column":30}},"8":{"start":{"line":44,"column":16},"end":{"line":47,"column":27}},"9":{"start":{"line":51,"column":8},"end":{"line":53,"column":21}},"10":{"start":{"line":55,"column":8},"end":{"line":57,"column":45}},"11":{"start":{"line":59,"column":8},"end":{"line":59,"column":35}},"12":{"start":{"line":61,"column":4},"end":{"line":325,"column":5}},"13":{"start":{"line":69,"column":8},"end":{"line":121,"column":10},"skip":true},"14":{"start":{"line":70,"column":12},"end":{"line":88,"column":13},"skip":true},"15":{"start":{"line":76,"column":16},"end":{"line":87,"column":19},"skip":true},"16":{"start":{"line":79,"column":20},"end":{"line":86,"column":21},"skip":true},"17":{"start":{"line":82,"column":24},"end":{"line":82,"column":43},"skip":true},"18":{"start":{"line":83,"column":24},"end":{"line":83,"column":30},"skip":true},"19":{"start":{"line":85,"column":24},"end":{"line":85,"column":49},"skip":true},"20":{"start":{"line":89,"column":12},"end":{"line":107,"column":13},"skip":true},"21":{"start":{"line":92,"column":16},"end":{"line":102,"column":17},"skip":true},"22":{"start":{"line":93,"column":20},"end":{"line":93,"column":86},"skip":true},"23":{"start":{"line":94,"column":20},"end":{"line":95,"column":45},"skip":true},"24":{"start":{"line":96,"column":20},"end":{"line":96,"column":42},"skip":true},"25":{"start":{"line":97,"column":20},"end":{"line":97,"column":48},"skip":true},"26":{"start":{"line":100,"column":20},"end":{"line":100,"column":85},"skip":true},"27":{"start":{"line":101,"column":20},"end":{"line":101,"column":96},"skip":true},"28":{"start":{"line":103,"column":16},"end":{"line":103,"column":22},"skip":true},"29":{"start":{"line":106,"column":16},"end":{"line":106,"column":22},"skip":true},"30":{"start":{"line":108,"column":12},"end":{"line":120,"column":13},"skip":true},"31":{"start":{"line":114,"column":16},"end":{"line":119,"column":17},"skip":true},"32":{"start":{"line":116,"column":20},"end":{"line":116,"column":78},"skip":true},"33":{"start":{"line":118,"column":20},"end":{"line":118,"column":47},"skip":true},"34":{"start":{"line":123,"column":8},"end":{"line":141,"column":11},"skip":true},"35":{"start":{"line":124,"column":12},"end":{"line":124,"column":54},"skip":true},"36":{"start":{"line":125,"column":12},"end":{"line":140,"column":14},"skip":true},"37":{"start":{"line":126,"column":16},"end":{"line":126,"column":28},"skip":true},"38":{"start":{"line":127,"column":16},"end":{"line":127,"column":69},"skip":true},"39":{"start":{"line":128,"column":16},"end":{"line":128,"column":75},"skip":true},"40":{"start":{"line":129,"column":16},"end":{"line":131,"column":17},"skip":true},"41":{"start":{"line":130,"column":20},"end":{"line":130,"column":27},"skip":true},"42":{"start":{"line":133,"column":16},"end":{"line":137,"column":36},"skip":true},"43":{"start":{"line":134,"column":20},"end":{"line":136,"column":55},"skip":true},"44":{"start":{"line":139,"column":16},"end":{"line":139,"column":57},"skip":true},"45":{"start":{"line":143,"column":8},"end":{"line":147,"column":11},"skip":true},"46":{"start":{"line":144,"column":12},"end":{"line":146,"column":15},"skip":true},"47":{"start":{"line":145,"column":16},"end":{"line":145,"column":70},"skip":true},"48":{"start":{"line":149,"column":8},"end":{"line":149,"column":31},"skip":true},"49":{"start":{"line":150,"column":8},"end":{"line":150,"column":14},"skip":true},"50":{"start":{"line":158,"column":8},"end":{"line":158,"column":31},"skip":true},"51":{"start":{"line":160,"column":8},"end":{"line":160,"column":33},"skip":true},"52":{"start":{"line":161,"column":8},"end":{"line":161,"column":37},"skip":true},"53":{"start":{"line":162,"column":8},"end":{"line":162,"column":35},"skip":true},"54":{"start":{"line":164,"column":8},"end":{"line":164,"column":50},"skip":true},"55":{"start":{"line":166,"column":8},"end":{"line":256,"column":2},"skip":true},"56":{"start":{"line":258,"column":8},"end":{"line":286,"column":9},"skip":true},"57":{"start":{"line":259,"column":12},"end":{"line":269,"column":14},"skip":true},"58":{"start":{"line":271,"column":12},"end":{"line":285,"column":19},"skip":true},"59":{"start":{"line":274,"column":20},"end":{"line":274,"column":35},"skip":true},"60":{"start":{"line":275,"column":20},"end":{"line":284,"column":21},"skip":true},"61":{"start":{"line":277,"column":24},"end":{"line":277,"column":64},"skip":true},"62":{"start":{"line":279,"column":24},"end":{"line":279,"column":40},"skip":true},"63":{"start":{"line":281,"column":24},"end":{"line":281,"column":40},"skip":true},"64":{"start":{"line":283,"column":24},"end":{"line":283,"column":39},"skip":true},"65":{"start":{"line":288,"column":8},"end":{"line":290,"column":9},"skip":true},"66":{"start":{"line":289,"column":12},"end":{"line":289,"column":18},"skip":true},"67":{"start":{"line":291,"column":8},"end":{"line":293,"column":54},"skip":true},"68":{"start":{"line":296,"column":8},"end":{"line":301,"column":37},"skip":true},"69":{"start":{"line":303,"column":8},"end":{"line":303,"column":82},"skip":true},"70":{"start":{"line":306,"column":8},"end":{"line":308,"column":9},"skip":true},"71":{"start":{"line":307,"column":12},"end":{"line":307,"column":82},"skip":true},"72":{"start":{"line":310,"column":8},"end":{"line":312,"column":9},"skip":true},"73":{"start":{"line":311,"column":12},"end":{"line":311,"column":18},"skip":true},"74":{"start":{"line":313,"column":8},"end":{"line":313,"column":54},"skip":true},"75":{"start":{"line":314,"column":8},"end":{"line":314,"column":69},"skip":true},"76":{"start":{"line":315,"column":8},"end":{"line":323,"column":36},"skip":true},"77":{"start":{"line":316,"column":12},"end":{"line":316,"column":61},"skip":true},"78":{"start":{"line":317,"column":12},"end":{"line":320,"column":13},"skip":true},"79":{"start":{"line":318,"column":16},"end":{"line":318,"column":75},"skip":true},"80":{"start":{"line":319,"column":16},"end":{"line":319,"column":23},"skip":true},"81":{"start":{"line":321,"column":12},"end":{"line":321,"column":38},"skip":true},"82":{"start":{"line":322,"column":12},"end":{"line":322,"column":27},"skip":true},"83":{"start":{"line":324,"column":8},"end":{"line":324,"column":14},"skip":true}},"branchMap":{"1":{"line":39,"type":"binary-expr","locations":[{"start":{"line":39,"column":23},"end":{"line":39,"column":62}},{"start":{"line":40,"column":20},"end":{"line":40,"column":70}},{"start":{"line":41,"column":20},"end":{"line":41,"column":71}},{"start":{"line":42,"column":20},"end":{"line":42,"column":29}}]},"2":{"line":44,"type":"binary-expr","locations":[{"start":{"line":44,"column":23},"end":{"line":44,"column":37}},{"start":{"line":45,"column":20},"end":{"line":45,"column":61}},{"start":{"line":46,"column":20},"end":{"line":46,"column":70}},{"start":{"line":47,"column":20},"end":{"line":47,"column":26}}]},"3":{"line":51,"type":"cond-expr","locations":[{"start":{"line":52,"column":14},"end":{"line":52,"column":20}},{"start":{"line":53,"column":14},"end":{"line":53,"column":20}}]},"4":{"line":55,"type":"binary-expr","locations":[{"start":{"line":55,"column":16},"end":{"line":55,"column":44}},{"start":{"line":55,"column":49},"end":{"line":57,"column":43}}]},"5":{"line":55,"type":"cond-expr","locations":[{"start":{"line":56,"column":14},"end":{"line":56,"column":53}},{"start":{"line":57,"column":14},"end":{"line":57,"column":43}}]},"6":{"line":61,"type":"switch","locations":[{"start":{"line":68,"column":4},"end":{"line":150,"column":14},"skip":true},{"start":{"line":156,"column":4},"end":{"line":324,"column":14},"skip":true}]},"7":{"line":70,"type":"if","locations":[{"start":{"line":70,"column":12},"end":{"line":70,"column":12},"skip":true},{"start":{"line":70,"column":12},"end":{"line":70,"column":12},"skip":true}]},"8":{"line":70,"type":"binary-expr","locations":[{"start":{"line":70,"column":16},"end":{"line":70,"column":22},"skip":true},{"start":{"line":70,"column":27},"end":{"line":70,"column":32},"skip":true},{"start":{"line":71,"column":20},"end":{"line":71,"column":39},"skip":true},{"start":{"line":72,"column":20},"end":{"line":72,"column":49},"skip":true},{"start":{"line":73,"column":20},"end":{"line":73,"column":58},"skip":true},{"start":{"line":74,"column":20},"end":{"line":74,"column":69},"skip":true}]},"9":{"line":79,"type":"switch","locations":[{"start":{"line":80,"column":20},"end":{"line":80,"column":33},"skip":true},{"start":{"line":81,"column":20},"end":{"line":83,"column":30},"skip":true},{"start":{"line":84,"column":20},"end":{"line":85,"column":49},"skip":true}]},"10":{"line":89,"type":"switch","locations":[{"start":{"line":90,"column":12},"end":{"line":103,"column":22},"skip":true},{"start":{"line":105,"column":12},"end":{"line":106,"column":22},"skip":true}]},"11":{"line":89,"type":"binary-expr","locations":[{"start":{"line":89,"column":20},"end":{"line":89,"column":25},"skip":true},{"start":{"line":89,"column":29},"end":{"line":89,"column":48},"skip":true},{"start":{"line":89,"column":52},"end":{"line":89,"column":74},"skip":true}]},"12":{"line":92,"type":"if","locations":[{"start":{"line":92,"column":16},"end":{"line":92,"column":16},"skip":true},{"start":{"line":92,"column":16},"end":{"line":92,"column":16},"skip":true}]},"13":{"line":108,"type":"if","locations":[{"start":{"line":108,"column":12},"end":{"line":108,"column":12},"skip":true},{"start":{"line":108,"column":12},"end":{"line":108,"column":12},"skip":true}]},"14":{"line":108,"type":"binary-expr","locations":[{"start":{"line":108,"column":16},"end":{"line":108,"column":61},"skip":true},{"start":{"line":108,"column":66},"end":{"line":108,"column":72},"skip":true},{"start":{"line":108,"column":77},"end":{"line":108,"column":82},"skip":true},{"start":{"line":109,"column":20},"end":{"line":109,"column":39},"skip":true},{"start":{"line":110,"column":20},"end":{"line":110,"column":49},"skip":true},{"start":{"line":111,"column":20},"end":{"line":111,"column":58},"skip":true},{"start":{"line":112,"column":20},"end":{"line":112,"column":68},"skip":true}]},"15":{"line":129,"type":"if","locations":[{"start":{"line":129,"column":16},"end":{"line":129,"column":16},"skip":true},{"start":{"line":129,"column":16},"end":{"line":129,"column":16},"skip":true}]},"16":{"line":134,"type":"cond-expr","locations":[{"start":{"line":135,"column":26},"end":{"line":135,"column":29},"skip":true},{"start":{"line":136,"column":26},"end":{"line":136,"column":54},"skip":true}]},"17":{"line":164,"type":"binary-expr","locations":[{"start":{"line":164,"column":27},"end":{"line":164,"column":43},"skip":true},{"start":{"line":164,"column":47},"end":{"line":164,"column":49},"skip":true}]},"18":{"line":258,"type":"if","locations":[{"start":{"line":258,"column":8},"end":{"line":258,"column":8},"skip":true},{"start":{"line":258,"column":8},"end":{"line":258,"column":8},"skip":true}]},"19":{"line":275,"type":"switch","locations":[{"start":{"line":276,"column":20},"end":{"line":277,"column":64},"skip":true},{"start":{"line":278,"column":20},"end":{"line":279,"column":40},"skip":true},{"start":{"line":280,"column":20},"end":{"line":281,"column":40},"skip":true},{"start":{"line":282,"column":20},"end":{"line":283,"column":39},"skip":true}]},"20":{"line":288,"type":"if","locations":[{"start":{"line":288,"column":8},"end":{"line":288,"column":8},"skip":true},{"start":{"line":288,"column":8},"end":{"line":288,"column":8},"skip":true}]},"21":{"line":288,"type":"binary-expr","locations":[{"start":{"line":288,"column":12},"end":{"line":288,"column":40},"skip":true},{"start":{"line":288,"column":44},"end":{"line":288,"column":67},"skip":true}]},"22":{"line":292,"type":"binary-expr","locations":[{"start":{"line":292,"column":12},"end":{"line":292,"column":50},"skip":true},{"start":{"line":293,"column":12},"end":{"line":293,"column":53},"skip":true}]},"23":{"line":297,"type":"binary-expr","locations":[{"start":{"line":297,"column":12},"end":{"line":297,"column":67},"skip":true},{"start":{"line":298,"column":12},"end":{"line":301,"column":36},"skip":true}]},"24":{"line":303,"type":"binary-expr","locations":[{"start":{"line":303,"column":43},"end":{"line":303,"column":75},"skip":true},{"start":{"line":303,"column":79},"end":{"line":303,"column":81},"skip":true}]},"25":{"line":306,"type":"if","locations":[{"start":{"line":306,"column":8},"end":{"line":306,"column":8},"skip":true},{"start":{"line":306,"column":8},"end":{"line":306,"column":8},"skip":true}]},"26":{"line":310,"type":"if","locations":[{"start":{"line":310,"column":8},"end":{"line":310,"column":8},"skip":true},{"start":{"line":310,"column":8},"end":{"line":310,"column":8},"skip":true}]},"27":{"line":313,"type":"binary-expr","locations":[{"start":{"line":313,"column":27},"end":{"line":313,"column":43},"skip":true},{"start":{"line":313,"column":47},"end":{"line":313,"column":53},"skip":true}]},"28":{"line":317,"type":"if","locations":[{"start":{"line":317,"column":12},"end":{"line":317,"column":12},"skip":true},{"start":{"line":317,"column":12},"end":{"line":317,"column":12},"skip":true}]}},"code":["/*","example.js","","quickstart example","","instruction","    1. save this script as example.js","    2. run the shell command:","        $ npm install npmtest-zookeeper && PORT=8081 node example.js","    3. play with the browser-demo on http://127.0.0.1:8081","*/","","","","/* istanbul instrument in package npmtest_zookeeper */","/*jslint","    bitwise: true,","    browser: true,","    maxerr: 8,","    maxlen: 96,","    node: true,","    nomen: true,","    regexp: true,","    stupid: true","*/","(function () {","    'use strict';","    var local;","","","","    // run shared js-env code - pre-init","    (function () {","        // init local","        local = {};","        // init modeJs","        local.modeJs = (function () {","            try {","                return typeof navigator.userAgent === 'string' &&","                    typeof document.querySelector('body') === 'object' &&","                    typeof XMLHttpRequest.prototype.open === 'function' &&","                    'browser';","            } catch (errorCaughtBrowser) {","                return module.exports &&","                    typeof process.versions.node === 'string' &&","                    typeof require('http').createServer === 'function' &&","                    'node';","            }","        }());","        // init global","        local.global = local.modeJs === 'browser'","            ? window","            : global;","        // init utility2_rollup","        local = local.global.utility2_rollup || (local.modeJs === 'browser'","            ? local.global.utility2_npmtest_zookeeper","            : global.utility2_moduleExports);","        // export local","        local.global.local = local;","    }());","    switch (local.modeJs) {","","","","    // post-init","    // run browser js-env code - post-init","    /* istanbul ignore next */","    case 'browser':","        local.testRunBrowser = function (event) {","            if (!event || (event &&","                    event.currentTarget &&","                    event.currentTarget.className &&","                    event.currentTarget.className.includes &&","                    event.currentTarget.className.includes('onreset'))) {","                // reset output","                Array.from(","                    document.querySelectorAll('body > .resettable')","                ).forEach(function (element) {","                    switch (element.tagName) {","                    case 'INPUT':","                    case 'TEXTAREA':","                        element.value = '';","                        break;","                    default:","                        element.textContent = '';","                    }","                });","            }","            switch (event && event.currentTarget && event.currentTarget.id) {","            case 'testRunButton1':","                // show tests","                if (document.querySelector('#testReportDiv1').style.display === 'none') {","                    document.querySelector('#testReportDiv1').style.display = 'block';","                    document.querySelector('#testRunButton1').textContent =","                        'hide internal test';","                    local.modeTest = true;","                    local.testRunDefault(local);","                // hide tests","                } else {","                    document.querySelector('#testReportDiv1').style.display = 'none';","                    document.querySelector('#testRunButton1').textContent = 'run internal test';","                }","                break;","            // custom-case","            default:","                break;","            }","            if (document.querySelector('#inputTextareaEval1') && (!event || (event &&","                    event.currentTarget &&","                    event.currentTarget.className &&","                    event.currentTarget.className.includes &&","                    event.currentTarget.className.includes('oneval')))) {","                // try to eval input-code","                try {","                    /*jslint evil: true*/","                    eval(document.querySelector('#inputTextareaEval1').value);","                } catch (errorCaught) {","                    console.error(errorCaught);","                }","            }","        };","        // log stderr and stdout to #outputTextareaStdout1","        ['error', 'log'].forEach(function (key) {","            console[key + '_original'] = console[key];","            console[key] = function () {","                var element;","                console[key + '_original'].apply(console, arguments);","                element = document.querySelector('#outputTextareaStdout1');","                if (!element) {","                    return;","                }","                // append text to #outputTextareaStdout1","                element.value += Array.from(arguments).map(function (arg) {","                    return typeof arg === 'string'","                        ? arg","                        : JSON.stringify(arg, null, 4);","                }).join(' ') + '\\n';","                // scroll textarea to bottom","                element.scrollTop = element.scrollHeight;","            };","        });","        // init event-handling","        ['change', 'click', 'keyup'].forEach(function (event) {","            Array.from(document.querySelectorAll('.on' + event)).forEach(function (element) {","                element.addEventListener(event, local.testRunBrowser);","            });","        });","        // run tests","        local.testRunBrowser();","        break;","","","","    // run node js-env code - post-init","    /* istanbul ignore next */","    case 'node':","        // export local","        module.exports = local;","        // require modules","        local.fs = require('fs');","        local.http = require('http');","        local.url = require('url');","        // init assets","        local.assetsDict = local.assetsDict || {};","        /* jslint-ignore-begin */","        local.assetsDict['/assets.index.template.html'] = '\\","<!doctype html>\\n\\","<html lang=\"en\">\\n\\","<head>\\n\\","<meta charset=\"UTF-8\">\\n\\","<meta name=\"viewport\" content=\"width=device-width, initial-scale=1\">\\n\\","<title>{{env.npm_package_name}} (v{{env.npm_package_version}})</title>\\n\\","<style>\\n\\","/*csslint\\n\\","    box-sizing: false,\\n\\","    universal-selector: false\\n\\","*/\\n\\","* {\\n\\","    box-sizing: border-box;\\n\\","}\\n\\","body {\\n\\","    background: #dde;\\n\\","    font-family: Arial, Helvetica, sans-serif;\\n\\","    margin: 2rem;\\n\\","}\\n\\","body > * {\\n\\","    margin-bottom: 1rem;\\n\\","}\\n\\",".utility2FooterDiv {\\n\\","    margin-top: 20px;\\n\\","    text-align: center;\\n\\","}\\n\\","</style>\\n\\","<style>\\n\\","/*csslint\\n\\","*/\\n\\","textarea {\\n\\","    font-family: monospace;\\n\\","    height: 10rem;\\n\\","    width: 100%;\\n\\","}\\n\\","textarea[readonly] {\\n\\","    background: #ddd;\\n\\","}\\n\\","</style>\\n\\","</head>\\n\\","<body>\\n\\","<!-- utility2-comment\\n\\","<div id=\"ajaxProgressDiv1\" style=\"background: #d00; height: 2px; left: 0; margin: 0; padding: 0; position: fixed; top: 0; transition: background 0.5s, width 1.5s; width: 25%;\"></div>\\n\\","utility2-comment -->\\n\\","<h1>\\n\\","<!-- utility2-comment\\n\\","    <a\\n\\","        {{#if env.npm_package_homepage}}\\n\\","        href=\"{{env.npm_package_homepage}}\"\\n\\","        {{/if env.npm_package_homepage}}\\n\\","        target=\"_blank\"\\n\\","    >\\n\\","utility2-comment -->\\n\\","        {{env.npm_package_name}} (v{{env.npm_package_version}})\\n\\","<!-- utility2-comment\\n\\","    </a>\\n\\","utility2-comment -->\\n\\","</h1>\\n\\","<h3>{{env.npm_package_description}}</h3>\\n\\","<!-- utility2-comment\\n\\","<h4><a download href=\"assets.app.js\">download standalone app</a></h4>\\n\\","<button class=\"onclick onreset\" id=\"testRunButton1\">run internal test</button><br>\\n\\","<div id=\"testReportDiv1\" style=\"display: none;\"></div>\\n\\","utility2-comment -->\\n\\","\\n\\","\\n\\","\\n\\","<label>stderr and stdout</label>\\n\\","<textarea class=\"resettable\" id=\"outputTextareaStdout1\" readonly></textarea>\\n\\","<!-- utility2-comment\\n\\","{{#if isRollup}}\\n\\","<script src=\"assets.app.js\"></script>\\n\\","{{#unless isRollup}}\\n\\","utility2-comment -->\\n\\","<script src=\"assets.utility2.rollup.js\"></script>\\n\\","<script src=\"jsonp.utility2._stateInit?callback=window.utility2._stateInit\"></script>\\n\\","<script src=\"assets.npmtest_zookeeper.rollup.js\"></script>\\n\\","<script src=\"assets.example.js\"></script>\\n\\","<script src=\"assets.test.js\"></script>\\n\\","<!-- utility2-comment\\n\\","{{/if isRollup}}\\n\\","utility2-comment -->\\n\\","<div class=\"utility2FooterDiv\">\\n\\","    [ this app was created with\\n\\","    <a href=\"https://github.com/kaizhu256/node-utility2\" target=\"_blank\">utility2</a>\\n\\","    ]\\n\\","</div>\\n\\","</body>\\n\\","</html>\\n\\","';","        /* jslint-ignore-end */","        if (local.templateRender) {","            local.assetsDict['/'] = local.templateRender(","                local.assetsDict['/assets.index.template.html'],","                {","                    env: local.objectSetDefault(local.env, {","                        npm_package_description: 'the greatest app in the world!',","                        npm_package_name: 'my-app',","                        npm_package_nameAlias: 'my_app',","                        npm_package_version: '0.0.1'","                    })","                }","            );","        } else {","            local.assetsDict['/'] = local.assetsDict['/assets.index.template.html']","                .replace((/\\{\\{env\\.(\\w+?)\\}\\}/g), function (match0, match1) {","                    // jslint-hack","                    String(match0);","                    switch (match1) {","                    case 'npm_package_description':","                        return 'the greatest app in the world!';","                    case 'npm_package_name':","                        return 'my-app';","                    case 'npm_package_nameAlias':","                        return 'my_app';","                    case 'npm_package_version':","                        return '0.0.1';","                    }","                });","        }","        // run the cli","        if (local.global.utility2_rollup || module !== require.main) {","            break;","        }","        local.assetsDict['/assets.example.js'] =","            local.assetsDict['/assets.example.js'] ||","            local.fs.readFileSync(__filename, 'utf8');","        // bug-workaround - long $npm_package_buildCustomOrg","        /* jslint-ignore-begin */","        local.assetsDict['/assets.npmtest_zookeeper.rollup.js'] =","            local.assetsDict['/assets.npmtest_zookeeper.rollup.js'] ||","            local.fs.readFileSync(","                local.npmtest_zookeeper.__dirname + '/lib.npmtest_zookeeper.js',","                'utf8'","            ).replace((/^#!/), '//');","        /* jslint-ignore-end */","        local.assetsDict['/favicon.ico'] = local.assetsDict['/favicon.ico'] || '';","        // if $npm_config_timeout_exit exists,","        // then exit this process after $npm_config_timeout_exit ms","        if (Number(process.env.npm_config_timeout_exit)) {","            setTimeout(process.exit, Number(process.env.npm_config_timeout_exit));","        }","        // start server","        if (local.global.utility2_serverHttp1) {","            break;","        }","        process.env.PORT = process.env.PORT || '8081';","        console.error('server starting on port ' + process.env.PORT);","        local.http.createServer(function (request, response) {","            request.urlParsed = local.url.parse(request.url);","            if (local.assetsDict[request.urlParsed.pathname] !== undefined) {","                response.end(local.assetsDict[request.urlParsed.pathname]);","                return;","            }","            response.statusCode = 404;","            response.end();","        }).listen(process.env.PORT);","        break;","    }","}());",""],"l":{"26":2,"28":2,"33":2,"35":2,"37":2,"38":2,"39":2,"44":1,"51":2,"55":2,"59":2,"61":2,"69":1,"70":2,"76":2,"79":2,"82":2,"83":2,"85":1,"89":2,"92":1,"93":1,"94":1,"96":1,"97":1,"100":1,"101":1,"103":1,"106":1,"108":2,"114":1,"116":1,"118":1,"123":1,"124":2,"125":2,"126":3,"127":3,"128":3,"129":3,"130":1,"133":3,"134":3,"139":3,"143":1,"144":3,"145":1,"149":1,"150":1,"158":1,"160":1,"161":1,"162":1,"164":1,"166":1,"258":1,"259":1,"271":1,"274":6,"275":6,"277":1,"279":2,"281":1,"283":2,"288":1,"289":1,"291":1,"296":1,"303":1,"306":1,"307":1,"310":1,"311":1,"313":1,"314":1,"315":1,"316":1,"317":1,"318":1,"319":1,"321":1,"322":1,"324":1}},"/home/travis/build/npmtest/node-npmtest-zookeeper/node_modules/zookeeper/lib/index.js":{"path":"/home/travis/build/npmtest/node-npmtest-zookeeper/node_modules/zookeeper/lib/index.js","s":{"1":1,"2":1,"3":1},"b":{},"f":{},"fnMap":{},"statementMap":{"1":{"start":{"line":1,"column":0},"end":{"line":1,"column":40}},"2":{"start":{"line":2,"column":0},"end":{"line":2,"column":42}},"3":{"start":{"line":3,"column":0},"end":{"line":3,"column":49}}},"branchMap":{},"code":["module.exports = require('./zookeeper');","module.exports.ZooKeeper = module.exports;  // for backwards compatibility","module.exports.Promise = require('./zk_promise');",""],"l":{"1":1,"2":1,"3":1}},"/home/travis/build/npmtest/node-npmtest-zookeeper/node_modules/zookeeper/lib/zookeeper.js":{"path":"/home/travis/build/npmtest/node-npmtest-zookeeper/node_modules/zookeeper/lib/zookeeper.js","s":{"1":1,"2":1,"3":1,"4":1,"5":1,"6":1,"7":1,"8":1,"9":1,"10":1,"11":0,"12":0,"13":0,"14":0,"15":0,"16":0,"17":0,"18":0,"19":0,"20":0,"21":0,"22":1,"23":0,"24":0,"25":0,"26":0,"27":0,"28":0,"29":0,"30":0,"31":0,"32":0,"33":0,"34":0,"35":0,"36":0,"37":0,"38":0,"39":1,"40":1,"41":1,"42":1,"43":1,"44":1,"45":1,"46":1,"47":1,"48":1,"49":52,"50":1,"51":0,"52":0,"53":0,"54":0,"55":0,"56":0,"57":0,"58":0,"59":1,"60":0,"61":0,"62":0,"63":0,"64":0,"65":0,"66":0,"67":0,"68":0,"69":0,"70":0,"71":0,"72":0,"73":1,"74":0,"75":0,"76":0,"77":0,"78":0,"79":1,"80":0,"81":0,"82":0,"83":1,"84":0,"85":0,"86":0,"87":0,"88":0,"89":1,"90":0,"91":0,"92":0,"93":1,"94":0,"95":0,"96":0,"97":1,"98":0,"99":0,"100":0,"101":1,"102":0,"103":0,"104":0,"105":1,"106":0,"107":0,"108":0,"109":0,"110":0,"111":0,"112":0,"113":1,"114":0,"115":0,"116":0,"117":0,"118":0,"119":0,"120":0,"121":1,"122":0,"123":0,"124":0,"125":1,"126":0,"127":0,"128":0,"129":1,"130":0,"131":0,"132":0,"133":1,"134":0,"135":0,"136":0,"137":1,"138":0,"139":0,"140":0,"141":1,"142":0,"143":0,"144":0,"145":1,"146":0,"147":0,"148":0,"149":1,"150":0,"151":0,"152":0,"153":1,"154":0,"155":0,"156":0,"157":1,"158":0,"159":0,"160":0,"161":1,"162":0,"163":0,"164":0,"165":1,"166":0,"167":0,"168":0,"169":0,"170":0,"171":0,"172":0,"173":0,"174":0,"175":0,"176":0,"177":1,"178":0,"179":0,"180":0,"181":0,"182":0,"183":0,"184":0,"185":0},"b":{"1":[0,0],"2":[0,0],"3":[0,0],"4":[0,0],"5":[0,0],"6":[0,0],"7":[0,0],"8":[0,0],"9":[0,0],"10":[0,0],"11":[0,0],"12":[0,0],"13":[0,0],"14":[0,0],"15":[0,0],"16":[0,0],"17":[0,0],"18":[0,0],"19":[0,0],"20":[0,0],"21":[0,0],"22":[0,0],"23":[0,0],"24":[0,0],"25":[0,0],"26":[0,0],"27":[0,0],"28":[0,0],"29":[0,0],"30":[0,0],"31":[0,0],"32":[0,0],"33":[0,0],"34":[0,0],"35":[0,0],"36":[0,0],"37":[0,0],"38":[0,0],"39":[0,0],"40":[0,0]},"f":{"1":0,"2":0,"3":0,"4":0,"5":0,"6":0,"7":0,"8":0,"9":0,"10":0,"11":0,"12":0,"13":0,"14":0,"15":0,"16":0,"17":0,"18":0,"19":0,"20":0,"21":0,"22":0,"23":0,"24":0,"25":0,"26":0,"27":0,"28":0,"29":0,"30":0,"31":0,"32":0,"33":0,"34":0,"35":0,"36":0,"37":0,"38":0},"fnMap":{"1":{"name":"ZooKeeper","line":19,"loc":{"start":{"line":19,"column":0},"end":{"line":19,"column":27}}},"2":{"name":"(anonymous_2)","line":26,"loc":{"start":{"line":26,"column":22},"end":{"line":26,"column":47}}},"3":{"name":"proxyProperty","line":40,"loc":{"start":{"line":40,"column":2},"end":{"line":40,"column":31}}},"4":{"name":"(anonymous_4)","line":41,"loc":{"start":{"line":41,"column":32},"end":{"line":41,"column":42}}},"5":{"name":"(anonymous_5)","line":44,"loc":{"start":{"line":44,"column":32},"end":{"line":44,"column":45}}},"6":{"name":"setEncoding","line":57,"loc":{"start":{"line":57,"column":21},"end":{"line":57,"column":47}}},"7":{"name":"(anonymous_7)","line":62,"loc":{"start":{"line":62,"column":42},"end":{"line":62,"column":52}}},"8":{"name":"(anonymous_8)","line":67,"loc":{"start":{"line":67,"column":42},"end":{"line":67,"column":66}}},"9":{"name":"(anonymous_9)","line":156,"loc":{"start":{"line":156,"column":32},"end":{"line":156,"column":49}}},"10":{"name":"logger","line":158,"loc":{"start":{"line":158,"column":18},"end":{"line":158,"column":39}}},"11":{"name":"init","line":170,"loc":{"start":{"line":170,"column":27},"end":{"line":170,"column":49}}},"12":{"name":"connect","line":190,"loc":{"start":{"line":190,"column":30},"end":{"line":190,"column":60}}},"13":{"name":"errorHandler","line":198,"loc":{"start":{"line":198,"column":2},"end":{"line":198,"column":29}}},"14":{"name":"connectHandler","line":204,"loc":{"start":{"line":204,"column":2},"end":{"line":204,"column":28}}},"15":{"name":"close","line":222,"loc":{"start":{"line":222,"column":28},"end":{"line":222,"column":45}}},"16":{"name":"a_create","line":227,"loc":{"start":{"line":227,"column":31},"end":{"line":227,"column":51}}},"17":{"name":"a_exists","line":232,"loc":{"start":{"line":232,"column":31},"end":{"line":232,"column":51}}},"18":{"name":"aw_exists","line":237,"loc":{"start":{"line":237,"column":32},"end":{"line":237,"column":53}}},"19":{"name":"a_get","line":242,"loc":{"start":{"line":242,"column":28},"end":{"line":242,"column":65}}},"20":{"name":"(anonymous_20)","line":245,"loc":{"start":{"line":245,"column":60},"end":{"line":245,"column":92}}},"21":{"name":"aw_get","line":253,"loc":{"start":{"line":253,"column":29},"end":{"line":253,"column":70}}},"22":{"name":"(anonymous_22)","line":256,"loc":{"start":{"line":256,"column":64},"end":{"line":256,"column":96}}},"23":{"name":"a_get_children","line":264,"loc":{"start":{"line":264,"column":37},"end":{"line":264,"column":63}}},"24":{"name":"aw_get_children","line":269,"loc":{"start":{"line":269,"column":38},"end":{"line":269,"column":65}}},"25":{"name":"a_get_children2","line":274,"loc":{"start":{"line":274,"column":38},"end":{"line":274,"column":65}}},"26":{"name":"aw_get_children2","line":279,"loc":{"start":{"line":279,"column":39},"end":{"line":279,"column":67}}},"27":{"name":"a_set","line":284,"loc":{"start":{"line":284,"column":28},"end":{"line":284,"column":45}}},"28":{"name":"a_delete_","line":289,"loc":{"start":{"line":289,"column":32},"end":{"line":289,"column":53}}},"29":{"name":"a_get_acl","line":294,"loc":{"start":{"line":294,"column":32},"end":{"line":294,"column":54}}},"30":{"name":"a_get_acl","line":299,"loc":{"start":{"line":299,"column":32},"end":{"line":299,"column":54}}},"31":{"name":"a_get_acl","line":304,"loc":{"start":{"line":304,"column":31},"end":{"line":304,"column":53}}},"32":{"name":"(anonymous_32)","line":309,"loc":{"start":{"line":309,"column":29},"end":{"line":309,"column":46}}},"33":{"name":"a_sync","line":314,"loc":{"start":{"line":314,"column":29},"end":{"line":314,"column":47}}},"34":{"name":"mkdirp","line":323,"loc":{"start":{"line":323,"column":0},"end":{"line":323,"column":34}}},"35":{"name":"(anonymous_35)","line":330,"loc":{"start":{"line":330,"column":15},"end":{"line":330,"column":32}}},"36":{"name":"(anonymous_36)","line":335,"loc":{"start":{"line":335,"column":25},"end":{"line":335,"column":48}}},"37":{"name":"create","line":349,"loc":{"start":{"line":349,"column":0},"end":{"line":349,"column":28}}},"38":{"name":"(anonymous_38)","line":352,"loc":{"start":{"line":352,"column":31},"end":{"line":352,"column":59}}}},"statementMap":{"1":{"start":{"line":1,"column":0},"end":{"line":1,"column":50}},"2":{"start":{"line":2,"column":0},"end":{"line":2,"column":27}},"3":{"start":{"line":3,"column":0},"end":{"line":3,"column":26}},"4":{"start":{"line":4,"column":0},"end":{"line":4,"column":27}},"5":{"start":{"line":5,"column":0},"end":{"line":5,"column":73}},"6":{"start":{"line":7,"column":0},"end":{"line":7,"column":15}},"7":{"start":{"line":8,"column":0},"end":{"line":8,"column":37}},"8":{"start":{"line":9,"column":0},"end":{"line":9,"column":45}},"9":{"start":{"line":18,"column":0},"end":{"line":18,"column":37}},"10":{"start":{"line":19,"column":0},"end":{"line":72,"column":1}},"11":{"start":{"line":20,"column":2},"end":{"line":20,"column":18}},"12":{"start":{"line":21,"column":2},"end":{"line":23,"column":3}},"13":{"start":{"line":22,"column":4},"end":{"line":22,"column":33}},"14":{"start":{"line":24,"column":2},"end":{"line":24,"column":23}},"15":{"start":{"line":25,"column":2},"end":{"line":25,"column":32}},"16":{"start":{"line":26,"column":2},"end":{"line":34,"column":3}},"17":{"start":{"line":27,"column":4},"end":{"line":28,"column":84}},"18":{"start":{"line":28,"column":6},"end":{"line":28,"column":84}},"19":{"start":{"line":29,"column":4},"end":{"line":32,"column":5}},"20":{"start":{"line":31,"column":6},"end":{"line":31,"column":16}},"21":{"start":{"line":33,"column":4},"end":{"line":33,"column":30}},"22":{"start":{"line":40,"column":2},"end":{"line":47,"column":3}},"23":{"start":{"line":41,"column":4},"end":{"line":43,"column":7}},"24":{"start":{"line":42,"column":6},"end":{"line":42,"column":32}},"25":{"start":{"line":44,"column":4},"end":{"line":46,"column":7}},"26":{"start":{"line":45,"column":6},"end":{"line":45,"column":31}},"27":{"start":{"line":49,"column":2},"end":{"line":49,"column":25}},"28":{"start":{"line":50,"column":2},"end":{"line":50,"column":27}},"29":{"start":{"line":51,"column":2},"end":{"line":51,"column":29}},"30":{"start":{"line":52,"column":2},"end":{"line":52,"column":35}},"31":{"start":{"line":53,"column":2},"end":{"line":53,"column":36}},"32":{"start":{"line":55,"column":2},"end":{"line":55,"column":23}},"33":{"start":{"line":57,"column":2},"end":{"line":59,"column":4}},"34":{"start":{"line":58,"column":4},"end":{"line":58,"column":24}},"35":{"start":{"line":62,"column":2},"end":{"line":66,"column":5}},"36":{"start":{"line":65,"column":4},"end":{"line":65,"column":40}},"37":{"start":{"line":67,"column":2},"end":{"line":70,"column":5}},"38":{"start":{"line":69,"column":4},"end":{"line":69,"column":63}},"39":{"start":{"line":74,"column":0},"end":{"line":74,"column":39}},"40":{"start":{"line":83,"column":0},"end":{"line":83,"column":40}},"41":{"start":{"line":84,"column":0},"end":{"line":84,"column":42}},"42":{"start":{"line":85,"column":0},"end":{"line":85,"column":45}},"43":{"start":{"line":86,"column":0},"end":{"line":86,"column":42}},"44":{"start":{"line":87,"column":0},"end":{"line":87,"column":42}},"45":{"start":{"line":88,"column":0},"end":{"line":88,"column":42}},"46":{"start":{"line":89,"column":0},"end":{"line":89,"column":40}},"47":{"start":{"line":90,"column":0},"end":{"line":90,"column":46}},"48":{"start":{"line":93,"column":0},"end":{"line":96,"column":1}},"49":{"start":{"line":94,"column":2},"end":{"line":94,"column":31}},"50":{"start":{"line":156,"column":0},"end":{"line":168,"column":1}},"51":{"start":{"line":157,"column":2},"end":{"line":167,"column":3}},"52":{"start":{"line":158,"column":4},"end":{"line":160,"column":5}},"53":{"start":{"line":159,"column":6},"end":{"line":159,"column":43}},"54":{"start":{"line":161,"column":9},"end":{"line":167,"column":3}},"55":{"start":{"line":162,"column":4},"end":{"line":162,"column":28}},"56":{"start":{"line":163,"column":9},"end":{"line":167,"column":3}},"57":{"start":{"line":164,"column":4},"end":{"line":164,"column":25}},"58":{"start":{"line":166,"column":4},"end":{"line":166,"column":106}},"59":{"start":{"line":170,"column":0},"end":{"line":188,"column":1}},"60":{"start":{"line":171,"column":2},"end":{"line":171,"column":18}},"61":{"start":{"line":172,"column":2},"end":{"line":174,"column":3}},"62":{"start":{"line":173,"column":4},"end":{"line":173,"column":33}},"63":{"start":{"line":175,"column":2},"end":{"line":177,"column":3}},"64":{"start":{"line":176,"column":4},"end":{"line":176,"column":68}},"65":{"start":{"line":178,"column":2},"end":{"line":178,"column":78}},"66":{"start":{"line":178,"column":18},"end":{"line":178,"column":78}},"67":{"start":{"line":179,"column":2},"end":{"line":182,"column":3}},"68":{"start":{"line":180,"column":4},"end":{"line":180,"column":48}},"69":{"start":{"line":181,"column":4},"end":{"line":181,"column":79}},"70":{"start":{"line":181,"column":20},"end":{"line":181,"column":79}},"71":{"start":{"line":183,"column":2},"end":{"line":183,"column":47}},"72":{"start":{"line":187,"column":2},"end":{"line":187,"column":14}},"73":{"start":{"line":190,"column":0},"end":{"line":220,"column":1}},"74":{"start":{"line":191,"column":2},"end":{"line":191,"column":18}},"75":{"start":{"line":192,"column":2},"end":{"line":195,"column":3}},"76":{"start":{"line":193,"column":4},"end":{"line":193,"column":17}},"77":{"start":{"line":194,"column":4},"end":{"line":194,"column":19}},"78":{"start":{"line":196,"column":2},"end":{"line":196,"column":21}},"79":{"start":{"line":198,"column":2},"end":{"line":202,"column":3}},"80":{"start":{"line":199,"column":4},"end":{"line":199,"column":47}},"81":{"start":{"line":200,"column":4},"end":{"line":200,"column":51}},"82":{"start":{"line":201,"column":4},"end":{"line":201,"column":12}},"83":{"start":{"line":204,"column":2},"end":{"line":208,"column":3}},"84":{"start":{"line":205,"column":4},"end":{"line":205,"column":47}},"85":{"start":{"line":206,"column":4},"end":{"line":206,"column":51}},"86":{"start":{"line":207,"column":4},"end":{"line":207,"column":19}},"87":{"start":{"line":210,"column":2},"end":{"line":210,"column":33}},"88":{"start":{"line":211,"column":2},"end":{"line":211,"column":37}},"89":{"start":{"line":222,"column":0},"end":{"line":225,"column":1}},"90":{"start":{"line":223,"column":2},"end":{"line":223,"column":79}},"91":{"start":{"line":223,"column":18},"end":{"line":223,"column":79}},"92":{"start":{"line":224,"column":2},"end":{"line":224,"column":59}},"93":{"start":{"line":227,"column":0},"end":{"line":230,"column":1}},"94":{"start":{"line":228,"column":2},"end":{"line":228,"column":82}},"95":{"start":{"line":228,"column":18},"end":{"line":228,"column":82}},"96":{"start":{"line":229,"column":2},"end":{"line":229,"column":62}},"97":{"start":{"line":232,"column":0},"end":{"line":235,"column":1}},"98":{"start":{"line":233,"column":2},"end":{"line":233,"column":82}},"99":{"start":{"line":233,"column":18},"end":{"line":233,"column":82}},"100":{"start":{"line":234,"column":2},"end":{"line":234,"column":62}},"101":{"start":{"line":237,"column":0},"end":{"line":240,"column":1}},"102":{"start":{"line":238,"column":2},"end":{"line":238,"column":83}},"103":{"start":{"line":238,"column":18},"end":{"line":238,"column":83}},"104":{"start":{"line":239,"column":2},"end":{"line":239,"column":63}},"105":{"start":{"line":242,"column":0},"end":{"line":251,"column":1}},"106":{"start":{"line":243,"column":2},"end":{"line":243,"column":18}},"107":{"start":{"line":244,"column":2},"end":{"line":244,"column":79}},"108":{"start":{"line":244,"column":18},"end":{"line":244,"column":79}},"109":{"start":{"line":245,"column":2},"end":{"line":250,"column":5}},"110":{"start":{"line":246,"column":4},"end":{"line":248,"column":5}},"111":{"start":{"line":247,"column":6},"end":{"line":247,"column":42}},"112":{"start":{"line":249,"column":4},"end":{"line":249,"column":35}},"113":{"start":{"line":253,"column":0},"end":{"line":262,"column":1}},"114":{"start":{"line":254,"column":2},"end":{"line":254,"column":18}},"115":{"start":{"line":255,"column":2},"end":{"line":255,"column":80}},"116":{"start":{"line":255,"column":18},"end":{"line":255,"column":80}},"117":{"start":{"line":256,"column":2},"end":{"line":261,"column":5}},"118":{"start":{"line":257,"column":4},"end":{"line":259,"column":5}},"119":{"start":{"line":258,"column":6},"end":{"line":258,"column":42}},"120":{"start":{"line":260,"column":4},"end":{"line":260,"column":35}},"121":{"start":{"line":264,"column":0},"end":{"line":267,"column":1}},"122":{"start":{"line":265,"column":2},"end":{"line":265,"column":88}},"123":{"start":{"line":265,"column":18},"end":{"line":265,"column":88}},"124":{"start":{"line":266,"column":2},"end":{"line":266,"column":68}},"125":{"start":{"line":269,"column":0},"end":{"line":272,"column":1}},"126":{"start":{"line":270,"column":2},"end":{"line":270,"column":89}},"127":{"start":{"line":270,"column":18},"end":{"line":270,"column":89}},"128":{"start":{"line":271,"column":2},"end":{"line":271,"column":69}},"129":{"start":{"line":274,"column":0},"end":{"line":277,"column":1}},"130":{"start":{"line":275,"column":2},"end":{"line":275,"column":88}},"131":{"start":{"line":275,"column":18},"end":{"line":275,"column":88}},"132":{"start":{"line":276,"column":2},"end":{"line":276,"column":69}},"133":{"start":{"line":279,"column":0},"end":{"line":282,"column":1}},"134":{"start":{"line":280,"column":2},"end":{"line":280,"column":89}},"135":{"start":{"line":280,"column":18},"end":{"line":280,"column":89}},"136":{"start":{"line":281,"column":2},"end":{"line":281,"column":70}},"137":{"start":{"line":284,"column":0},"end":{"line":287,"column":1}},"138":{"start":{"line":285,"column":2},"end":{"line":285,"column":79}},"139":{"start":{"line":285,"column":18},"end":{"line":285,"column":79}},"140":{"start":{"line":286,"column":2},"end":{"line":286,"column":59}},"141":{"start":{"line":289,"column":0},"end":{"line":292,"column":1}},"142":{"start":{"line":290,"column":2},"end":{"line":290,"column":83}},"143":{"start":{"line":290,"column":18},"end":{"line":290,"column":83}},"144":{"start":{"line":291,"column":2},"end":{"line":291,"column":63}},"145":{"start":{"line":294,"column":0},"end":{"line":297,"column":2}},"146":{"start":{"line":295,"column":2},"end":{"line":295,"column":83}},"147":{"start":{"line":295,"column":18},"end":{"line":295,"column":83}},"148":{"start":{"line":296,"column":2},"end":{"line":296,"column":63}},"149":{"start":{"line":299,"column":0},"end":{"line":302,"column":2}},"150":{"start":{"line":300,"column":2},"end":{"line":300,"column":83}},"151":{"start":{"line":300,"column":18},"end":{"line":300,"column":83}},"152":{"start":{"line":301,"column":2},"end":{"line":301,"column":63}},"153":{"start":{"line":304,"column":0},"end":{"line":307,"column":2}},"154":{"start":{"line":305,"column":2},"end":{"line":305,"column":82}},"155":{"start":{"line":305,"column":18},"end":{"line":305,"column":82}},"156":{"start":{"line":306,"column":2},"end":{"line":306,"column":62}},"157":{"start":{"line":309,"column":0},"end":{"line":312,"column":1}},"158":{"start":{"line":310,"column":2},"end":{"line":310,"column":80}},"159":{"start":{"line":310,"column":18},"end":{"line":310,"column":80}},"160":{"start":{"line":311,"column":2},"end":{"line":311,"column":29}},"161":{"start":{"line":314,"column":0},"end":{"line":317,"column":1}},"162":{"start":{"line":315,"column":2},"end":{"line":315,"column":75}},"163":{"start":{"line":315,"column":18},"end":{"line":315,"column":75}},"164":{"start":{"line":316,"column":2},"end":{"line":316,"column":60}},"165":{"start":{"line":323,"column":0},"end":{"line":340,"column":1}},"166":{"start":{"line":324,"column":2},"end":{"line":324,"column":24}},"167":{"start":{"line":325,"column":2},"end":{"line":325,"column":35}},"168":{"start":{"line":329,"column":2},"end":{"line":329,"column":17}},"169":{"start":{"line":330,"column":2},"end":{"line":334,"column":5}},"170":{"start":{"line":331,"column":4},"end":{"line":331,"column":63}},"171":{"start":{"line":332,"column":4},"end":{"line":332,"column":38}},"172":{"start":{"line":333,"column":4},"end":{"line":333,"column":50}},"173":{"start":{"line":335,"column":2},"end":{"line":339,"column":5}},"174":{"start":{"line":336,"column":4},"end":{"line":336,"column":33}},"175":{"start":{"line":336,"column":12},"end":{"line":336,"column":33}},"176":{"start":{"line":338,"column":4},"end":{"line":338,"column":32}},"177":{"start":{"line":349,"column":0},"end":{"line":363,"column":1}},"178":{"start":{"line":350,"column":2},"end":{"line":350,"column":37}},"179":{"start":{"line":351,"column":2},"end":{"line":351,"column":16}},"180":{"start":{"line":352,"column":2},"end":{"line":362,"column":5}},"181":{"start":{"line":354,"column":4},"end":{"line":356,"column":5}},"182":{"start":{"line":355,"column":6},"end":{"line":355,"column":18}},"183":{"start":{"line":357,"column":4},"end":{"line":359,"column":5}},"184":{"start":{"line":358,"column":6},"end":{"line":358,"column":68}},"185":{"start":{"line":361,"column":4},"end":{"line":361,"column":16}}},"branchMap":{"1":{"line":21,"type":"if","locations":[{"start":{"line":21,"column":2},"end":{"line":21,"column":2}},{"start":{"line":21,"column":2},"end":{"line":21,"column":2}}]},"2":{"line":27,"type":"if","locations":[{"start":{"line":27,"column":4},"end":{"line":27,"column":4}},{"start":{"line":27,"column":4},"end":{"line":27,"column":4}}]},"3":{"line":29,"type":"if","locations":[{"start":{"line":29,"column":4},"end":{"line":29,"column":4}},{"start":{"line":29,"column":4},"end":{"line":29,"column":4}}]},"4":{"line":29,"type":"binary-expr","locations":[{"start":{"line":29,"column":7},"end":{"line":29,"column":23}},{"start":{"line":29,"column":27},"end":{"line":29,"column":41}}]},"5":{"line":65,"type":"cond-expr","locations":[{"start":{"line":65,"column":27},"end":{"line":65,"column":32}},{"start":{"line":65,"column":35},"end":{"line":65,"column":39}}]},"6":{"line":69,"type":"cond-expr","locations":[{"start":{"line":69,"column":48},"end":{"line":69,"column":52}},{"start":{"line":69,"column":55},"end":{"line":69,"column":61}}]},"7":{"line":157,"type":"if","locations":[{"start":{"line":157,"column":2},"end":{"line":157,"column":2}},{"start":{"line":157,"column":2},"end":{"line":157,"column":2}}]},"8":{"line":161,"type":"if","locations":[{"start":{"line":161,"column":9},"end":{"line":161,"column":9}},{"start":{"line":161,"column":9},"end":{"line":161,"column":9}}]},"9":{"line":163,"type":"if","locations":[{"start":{"line":163,"column":9},"end":{"line":163,"column":9}},{"start":{"line":163,"column":9},"end":{"line":163,"column":9}}]},"10":{"line":172,"type":"if","locations":[{"start":{"line":172,"column":2},"end":{"line":172,"column":2}},{"start":{"line":172,"column":2},"end":{"line":172,"column":2}}]},"11":{"line":175,"type":"if","locations":[{"start":{"line":175,"column":2},"end":{"line":175,"column":2}},{"start":{"line":175,"column":2},"end":{"line":175,"column":2}}]},"12":{"line":176,"type":"cond-expr","locations":[{"start":{"line":176,"column":22},"end":{"line":176,"column":53}},{"start":{"line":176,"column":56},"end":{"line":176,"column":67}}]},"13":{"line":178,"type":"if","locations":[{"start":{"line":178,"column":2},"end":{"line":178,"column":2}},{"start":{"line":178,"column":2},"end":{"line":178,"column":2}}]},"14":{"line":179,"type":"if","locations":[{"start":{"line":179,"column":2},"end":{"line":179,"column":2}},{"start":{"line":179,"column":2},"end":{"line":179,"column":2}}]},"15":{"line":181,"type":"if","locations":[{"start":{"line":181,"column":4},"end":{"line":181,"column":4}},{"start":{"line":181,"column":4},"end":{"line":181,"column":4}}]},"16":{"line":192,"type":"if","locations":[{"start":{"line":192,"column":2},"end":{"line":192,"column":2}},{"start":{"line":192,"column":2},"end":{"line":192,"column":2}}]},"17":{"line":223,"type":"if","locations":[{"start":{"line":223,"column":2},"end":{"line":223,"column":2}},{"start":{"line":223,"column":2},"end":{"line":223,"column":2}}]},"18":{"line":228,"type":"if","locations":[{"start":{"line":228,"column":2},"end":{"line":228,"column":2}},{"start":{"line":228,"column":2},"end":{"line":228,"column":2}}]},"19":{"line":233,"type":"if","locations":[{"start":{"line":233,"column":2},"end":{"line":233,"column":2}},{"start":{"line":233,"column":2},"end":{"line":233,"column":2}}]},"20":{"line":238,"type":"if","locations":[{"start":{"line":238,"column":2},"end":{"line":238,"column":2}},{"start":{"line":238,"column":2},"end":{"line":238,"column":2}}]},"21":{"line":244,"type":"if","locations":[{"start":{"line":244,"column":2},"end":{"line":244,"column":2}},{"start":{"line":244,"column":2},"end":{"line":244,"column":2}}]},"22":{"line":246,"type":"if","locations":[{"start":{"line":246,"column":4},"end":{"line":246,"column":4}},{"start":{"line":246,"column":4},"end":{"line":246,"column":4}}]},"23":{"line":246,"type":"binary-expr","locations":[{"start":{"line":246,"column":7},"end":{"line":246,"column":11}},{"start":{"line":246,"column":15},"end":{"line":246,"column":28}}]},"24":{"line":255,"type":"if","locations":[{"start":{"line":255,"column":2},"end":{"line":255,"column":2}},{"start":{"line":255,"column":2},"end":{"line":255,"column":2}}]},"25":{"line":257,"type":"if","locations":[{"start":{"line":257,"column":4},"end":{"line":257,"column":4}},{"start":{"line":257,"column":4},"end":{"line":257,"column":4}}]},"26":{"line":257,"type":"binary-expr","locations":[{"start":{"line":257,"column":7},"end":{"line":257,"column":11}},{"start":{"line":257,"column":15},"end":{"line":257,"column":28}}]},"27":{"line":265,"type":"if","locations":[{"start":{"line":265,"column":2},"end":{"line":265,"column":2}},{"start":{"line":265,"column":2},"end":{"line":265,"column":2}}]},"28":{"line":270,"type":"if","locations":[{"start":{"line":270,"column":2},"end":{"line":270,"column":2}},{"start":{"line":270,"column":2},"end":{"line":270,"column":2}}]},"29":{"line":275,"type":"if","locations":[{"start":{"line":275,"column":2},"end":{"line":275,"column":2}},{"start":{"line":275,"column":2},"end":{"line":275,"column":2}}]},"30":{"line":280,"type":"if","locations":[{"start":{"line":280,"column":2},"end":{"line":280,"column":2}},{"start":{"line":280,"column":2},"end":{"line":280,"column":2}}]},"31":{"line":285,"type":"if","locations":[{"start":{"line":285,"column":2},"end":{"line":285,"column":2}},{"start":{"line":285,"column":2},"end":{"line":285,"column":2}}]},"32":{"line":290,"type":"if","locations":[{"start":{"line":290,"column":2},"end":{"line":290,"column":2}},{"start":{"line":290,"column":2},"end":{"line":290,"column":2}}]},"33":{"line":295,"type":"if","locations":[{"start":{"line":295,"column":2},"end":{"line":295,"column":2}},{"start":{"line":295,"column":2},"end":{"line":295,"column":2}}]},"34":{"line":300,"type":"if","locations":[{"start":{"line":300,"column":2},"end":{"line":300,"column":2}},{"start":{"line":300,"column":2},"end":{"line":300,"column":2}}]},"35":{"line":305,"type":"if","locations":[{"start":{"line":305,"column":2},"end":{"line":305,"column":2}},{"start":{"line":305,"column":2},"end":{"line":305,"column":2}}]},"36":{"line":310,"type":"if","locations":[{"start":{"line":310,"column":2},"end":{"line":310,"column":2}},{"start":{"line":310,"column":2},"end":{"line":310,"column":2}}]},"37":{"line":315,"type":"if","locations":[{"start":{"line":315,"column":2},"end":{"line":315,"column":2}},{"start":{"line":315,"column":2},"end":{"line":315,"column":2}}]},"38":{"line":336,"type":"if","locations":[{"start":{"line":336,"column":4},"end":{"line":336,"column":4}},{"start":{"line":336,"column":4},"end":{"line":336,"column":4}}]},"39":{"line":354,"type":"if","locations":[{"start":{"line":354,"column":4},"end":{"line":354,"column":4}},{"start":{"line":354,"column":4},"end":{"line":354,"column":4}}]},"40":{"line":357,"type":"if","locations":[{"start":{"line":357,"column":4},"end":{"line":357,"column":4}},{"start":{"line":357,"column":4},"end":{"line":357,"column":4}}]}},"code":["var EventEmitter = require('events').EventEmitter;","var util = require('util');","var _ = require('lodash');","var path = require('path');","var NativeZk = require(__dirname + '/../build/zookeeper.node').ZooKeeper;","","var async = {};","async.apply = require('async/apply');","async.waterfall = require('async/waterfall');","","// with Node 0.5.x and greater, EventEmitter is pure-js, so we make a simple wrapper...","// Partly inspired by https://github.com/bnoordhuis/node-event-emitter","","////////////////////////////////////////////////////////////////////////////////","// Constructor","////////////////////////////////////////////////////////////////////////////////","","exports = module.exports = ZooKeeper;","function ZooKeeper(config) {","  var self = this;","  if(_.isString(config)) {","    config = { connect: config };","  }","  self.config = config;","  self._native = new NativeZk();","  self._native.emit = function(ev, a1, a2, a3) {","    if(self.logger)","      self.logger(\"Emitting '\" + ev + \"' with args: \" + a1 + \", \" + a2 + \", \" + a3);","    if(ev === 'connect' || ev === 'close') {","      // the event is passing the native object.  need to mangle to return the wrapper","      a1 = self;","    }","    self.emit(ev, a1, a2, a3);","  }","","  ////////////////////////////////////////////////////////////////////////////////","  // Public Properties","  ////////////////////////////////////////////////////////////////////////////////","","  function proxyProperty(name) {","    self.__defineGetter__(name, function(){","      return self._native[name];","    });","    self.__defineSetter__(name, function(val){","      self._native[name] = val;","    });","  }","","  proxyProperty('state');","  proxyProperty('timeout');","  proxyProperty('client_id');","  proxyProperty('client_password');","  proxyProperty('is_unrecoverable');","","  self.encoding = null;  // Return 'Buffer' objects by default","","  self.setEncoding = function setEncoding(val) {","    self.encoding = val;","  };","","  // Backwards Compat for 'data_as_buffer' property.  deprecated.  just use setEncoding()","  self.__defineGetter__('data_as_buffer', function(){","    // if there's an encoding, then data isn't a buffer.  If there's no encoding,","    // then data will be a buffer","    return self.encoding ? false : true;","  });","  self.__defineSetter__('data_as_buffer', function(data_as_buffer){","    // if the data is a buffer, then there's no encoding. If the data is NOT a buffer, then the default encoding is 'utf8'","    self.encoding = ((data_as_buffer == true) ? null : 'utf8');","  });","","}","","util.inherits(ZooKeeper, EventEmitter);","","","","////////////////////////////////////////////////////////////////////////////////","// Constants","////////////////////////////////////////////////////////////////////////////////","","// Events (for backwards compatibility.  deprecated.  use the strings directly)","exports.on_closed             = 'close';","exports.on_connected          = 'con
[...]
ose's ref_send ","// and Kris Kowal's work on promises.","// // MIT License","","// A typical usage:","// A default Promise constructor can be used to create a self-resolving deferred/promise:","// var Promise = require(\"promise\").Promise;","//  var promise = new Promise();","// asyncOperation(function(){","//  Promise.resolve(\"succesful result\");","// });","//  promise -> given to the consumer","//  ","//  A consumer can use the promise","//  promise.then(function(result){","//    ... when the action is complete this is executed ...","//   },","//   function(error){","//    ... executed when the promise fails","//  });","//","// Alternately, a provider can create a deferred and resolve it when it completes an action. ","// The deferred object a promise object that provides a separation of consumer and producer to protect","// promises from being fulfilled by untrusted code.","// var defer = require(\"promise\").defer;","//  var deferred = defer();","// asyncOperation(function(){","//  deferred.resolve(\"succesful result\");","// });","//  deferred.promise -> given to the consumer","//  ","//  Another way that a consumer can use the promise (using promise.then is also allowed)","// var when = require(\"promise\").when;","// when(promise,function(result){","//    ... when the action is complete this is executed ...","//   },","//   function(error){","//    ... executed when the promise fails","//  });","try{","  var enqueue = require(\"event-queue\").enqueue;","}","catch(e){","  // squelch the error, and only complain if the queue is needed","}","if(!enqueue){","  enqueue = (typeof process !== \"undefined\" && process.nextTick) || function(func){","    func();","  }","}  ","var freeze = Object.freeze || function(){};","","/**"," * Default constructor that creates a self-resolving Promise. Not all promise implementations"," * need to use this constructor."," */","var Promise = function(canceller){","};","","/**"," * Promise implementations must provide a \"then\" function."," */","Promise.prototype.then = function(resolvedCallback, errorCallback, progressCallback){","  throw new TypeError(\"The Promise base class is abstract, this function must be implemented by the Promise implementation\");","};","","/**"," * If an implementation of a promise supports a concurrency model that allows"," * execution to block until the promise is resolved, the wait function may be "," * added. "," */","/**"," * If an implementation of a promise can be cancelled, it may add this function"," */"," // Promise.prototype.cancel = function(){"," // };","","Promise.prototype.get = function(propertyName){","  return this.then(function(value){","    return value[propertyName];","  });","};","","Promise.prototype.put = function(propertyName, value){","  return this.then(function(object){","    return object[propertyName] = value;","  });","};","","Promise.prototype.call = function(functionName /*, args */){","  return this.then(function(value){","    return value[propertyName].apply(value, Array.prototype.slice.call(arguments, 1));","  });","};","","/** Dojo/NodeJS methods*/","Promise.prototype.addCallback = function(callback){","  return this.then(callback);","};","","Promise.prototype.addErrback = function(errback){","  return this.then(function(){}, errback);","};","","/*Dojo methods*/","Promise.prototype.addBoth = function(callback){","  return this.then(callback, callback);","};","","Promise.prototype.addCallbacks = function(callback, errback){","  return this.then(callback, errback);","};","","/*NodeJS method*/","Promise.prototype.wait = function(){","  return exports.wait(this);","};","","Deferred.prototype = Promise.prototype;","// A deferred provides an API for creating and resolving a promise.","exports.Promise = exports.Deferred = exports.defer = defer;","function defer(){","  return new Deferred();","} ","","var contextHandler = exports.contextHandler = {};","","function Deferred(canceller){","  var result, finished, isError, waiting = [], handled;","  var promise = this.promise = new Promise();","  var currentContextHandler = contextHandler.getHandler && contextHandler.getHandler();","  ","  function notifyAll(value){","    if(finished){","      throw new Error(\"This deferred has already been resolved\");        ","    }","    result = value;","    finished = true;","    for(var i = 0; i < waiting.length; i++){","      notify(waiting[i]);  ","    }","  }","  function notify(listener){","    var func = (isError ? listener.error : listener.resolved);","    if(func){","      handled = true;","      enqueue(function(){","        if(currentContextHandler){","          currentContextHandler.resume();","        }","        try{","          var newResult = func(result);","          if(newResult && typeof newResult.then === \"function\"){","            newResult.then(listener.deferred.resolve, listener.deferred.reject);","            return;","          }","          listener.deferred.resolve(newResult);","        }","        catch(e){","          listener.deferred.reject(e);","        }","        finally{","          if(currentContextHandler){","            currentContextHandler.suspend();","          }","        }","      });","    }","    else{","      if(isError){","        if (listener.deferred.reject(result, true)) {","          handled = true;","          }","      }","      else{","        listener.deferred.resolve.apply(listener.deferred, result);","      }","    }","  }","  // calling resolve will resolve the promise","  this.resolve = this.callback = this.emitSuccess = function(value){","    notifyAll(value);","  };","  ","  // calling error will indicate that the promise failed","  var reject = this.reject = this.errback = this.emitError = function(error, dontThrow){","    isError = true;","    notifyAll(error);","    if (!dontThrow) {","      enqueue(function () {","        if (!handled) {","          throw error;","        }","      });","    }","    return handled;","  };","  ","  // call progress to provide updates on the progress on the completion of the promise","  this.progress = function(update){","    for(var i = 0; i < waiting.length; i++){","      var progress = waiting[i].progress;","      progress && progress(update);  ","    }","  }","  // provide the implementation of the promise","  this.then = promise.then = function(resolvedCallback, errorCallback, progressCallback){","    var returnDeferred = new Deferred(promise.cancel);","    var listener = {resolved: resolvedCallback, error: errorCallback, progress: progressCallback, deferred: returnDeferred}; ","    if(finished){","      notify(listener);","    }","    else{","      waiting.push(listener);","    }","    return returnDeferred.promise;","  };","  var timeout;","  if(typeof setTimeout !== \"undefined\") {","    this.timeout = function (ms) {","      if (ms === undefined) {","        return timeout;","      }","      timeout = ms;","      setTimeout(function () {","        if (!finished) {","          if (promise.cancel) {","            promise.cancel(new Error(\"timeout\"));","          }","          else {","            reject(new Error(\"timeout\"));","          }","        }","      }, ms);","      return promise;","    };","  }","  ","  if(canceller){","    this.cancel = promise.cancel = function(){","      var error = canceller();","      if(!(error instanceof Error)){","        error = new Error(error);","      }","      reject(error);","    }","  }","  freeze(promise);","};","","function perform(value, async, sync){","  try{","    if(value && typeof value.then === \"function\"){","      value = async(value);","    }","    else{","      value = sync(value);","    }","    if(value && typeof value.then === \"function\"){","      return value;","    }","    var deferred = new Deferred();","    deferred.resolve(value);","    return deferred.promise;","  }catch(e){","    var deferred = new Deferred();","    deferred.reject(e);","    return deferred.promise;","  }","  ","}","/**"," * Promise manager to make it easier to consume promises"," */"," ","/**"," * Registers an observer on a promise."," * @param value   promise or value to observe"," * @param resolvedCallback function to be called with the resolved value"," * @param rejectCallback  function to be called with the rejection reason"," * @param progressCallback  function to be called when progress is made"," * @return promise for the return value from the invoked callback"," */","exports.whenPromise = function(value, resolvedCallback, rejectCallback, progressCallback){","  return perform(value, function(value){","    return value.then(resolvedCallback, rejectCallback, progressCallback);","  },","  function(value){","    return resolvedCallback(value);","  });","};","/**"," * Registers an observer on a promise."," * @param value   promise or value to observe"," * @param resolvedCallback function to be called with the resolved value"," * @param rejectCallback  function to be called with the rejection reason"," * @param progressCallback  function to be called when progress is made"," * @return promise for the return value from the invoked callback or the value if it"," * is a non-promise value"," */","exports.when = function(value, resolvedCallback, rejectCallback, progressCallback){","  if(value && typeof value.then === \"function\"){","    return exports.whenPromise(value, resolvedCallback, rejectCallback, progressCallback);","  }","  return resolvedCallback(value);","};","","/**"," * Gets the value of a property in a future turn."," * @param target  promise or value for target object"," * @param property    name of property to get"," * @return promise for the property value"," */","exports.get = function(target, property){","  return perform(target, function(target){","    return target.get(property);","  },","  function(target){","    return target[property]","  });","};","","/**"," * Invokes a method in a future turn."," * @param target  promise or value for target object"," * @param methodName    name of method to invoke"," * @param args    array of invocation arguments"," * @return promise for the return value"," */","exports.post = function(target, methodName, args){","  return perform(target, function(target){","    return target.call(property, args);","  },","  function(target){","    return target[methodName].apply(target, args);","  });","};","","/**"," * Sets the value of a property in a future turn."," * @param target  promise or value for target object"," * @param property    name of property to set"," * @param value   new value of property"," * @return promise for the return value"," */","exports.put = function(target, property, value){","  return perform(target, function(target){","    return target.put(property, value);","  },","  function(target){","    return target[property] = value;","  });","};","","","/**"," * Waits for the given promise to finish, blocking (and executing other events)"," * if necessary to wait for the promise to finish. If target is not a promise"," * it will return the target immediately. If the promise results in an reject,"," * that reject will be thrown."," * @param target   promise or value to wait for."," * @return the value of the promise;"," */","exports.wait = function(target){","  if(!queue){","    throw new Error(\"Can not wait, the event-queue module is not available\");","  }","  if(target && typeof target.then === \"function\"){","    var isFinished, isError, result;    ","    target.then(function(value){","      isFinished = true;","      result = value;","    },","    function(error){","      isFinished = true;","      isError = true;","      result = error;","    });","    while(!isFinished){","      queue.processNextEvent(true);","    }","    if(isError){","      throw result;","    }","    return result;","  }","  else{","    return target;","  }","};","","","","/**"," * Takes an array of promises and returns a promise that is fulfilled once all"," * the promises in the array are fulfilled"," * @param array  The array of promises"," * @return the promise that is fulfilled when all the array is fulfilled, resolved to the array of results"," */","exports.all = function(array){","  var deferred = new Deferred();","  if(!(array instanceof Array)){","    array = Array.prototype.slice.call(arguments);","  }","  var fulfilled = 0, length = array.length;","  var results = [];","  if (length === 0) deferred.resolve(results);","  else {","    array.forEach(function(promise, index){","      exports.when(promise, each, each);","      function each(value){","        results[index] = value;","        fulfilled++;","        if(fulfilled === length){","          deferred.resolve(results);","        }","      }","    });","  }","  return deferred.promise;","};","","/**"," * Takes an array of promises and returns a promise that is fulfilled when the first "," * promise in the array of promises is fulfilled"," * @param array  The array of promises"," * @return a promise that is fulfilled with the value of the value of first promise to be fulfilled"," */","exports.first = function(array){","  var deferred = new Deferred();","  if(!(array instanceof Array)){","    array = Array.prototype.slice.call(arguments);","  }","  var fulfilled;","  array.forEach(function(promise, index){","    exports.when(promise, function(value){","      if (!fulfilled) {","        fulfilled = true;","        deferred.resolve(value);","      }  ","    },","    function(error){","      if (!fulfilled) {","        fulfilled = true;","        deferred.resolve(error);","      }  ","    });","  });","  return deferred.promise;","};","","/**"," * Takes an array of asynchronous functions (that return promises) and "," * executes them sequentially. Each funtion is called with the return value of the last function"," * @param array  The array of function"," * @param startingValue The value to pass to the first function"," * @return the value returned from the last function"," */","exports.seq = function(array, startingValue){","  array = array.concat(); // make a copy","  var deferred = new Deferred();","  function next(value){","    var nextAction = array.shift();","    if(nextAction){","      exports.when(nextAction(value), next, deferred.reject);","    }","    else {","      deferred.resolve(value);","    }  ","  }","  next(startingValue);","  return deferred.promise;","};","","","/**"," * Delays for a given amount of time and then fulfills the returned promise."," * @param milliseconds The number of milliseconds to delay"," * @return A promise that will be fulfilled after the delay"," */","if(typeof setTimeout !== \"undefined\") {","  exports.delay = function(milliseconds) {","    var deferred = new Deferred();","    setTimeout(function(){","      deferred.resolve();","    }, milliseconds);","    return deferred.promise;","  };","}","","","","/**"," * Runs a function that takes a callback, but returns a Promise instead."," * @param func   node compatible async function which takes a callback as its last argument"," * @return promise for the return value from the callback from the function"," */","exports.execute = function(asyncFunction){","  var args = Array.prototype.slice.call(arguments, 1);","","  var deferred = new Deferred();","  args.push(function(error, result){","    if(error) {","      deferred.emitError(error);","    }","    else {","      if(arguments.length > 2){","        // if there are multiple success values, we return an array","        Array.prototype.shift.call(arguments, 1);","        deferred.emitSuccess(arguments);","      }","      else{","        deferred.emitSuccess(result);","      }","    }","  });","  asyncFunction.apply(this, args);","  return deferred.promise;","};","","/**"," * Converts a Node async function to a promise returning function"," * @param func   node compatible async function which takes a callback as its last argument"," * @return A function that returns a promise"," */","exports.convertNodeAsyncFunction = function(asyncFunction, callbackNotDeclared){","  var arity = asyncFunction.length;","  if(callbackNotDeclared){","    arity++;","  }","  return function(){","    var deferred = new Deferred();","    arguments.length = arity;","    arguments[arity - 1] = function(error, result){","      if(error) {","        deferred.emitError(error);","      }","      else {","        if(arguments.length > 2){","          // if there are multiple success values, we return an array","          Array.prototype.shift.call(arguments, 1);","          deferred.emitSuccess(arguments);","        }","        else{","          deferred.emitSuccess(result);","        }","      }","    };","    asyncFunction.apply(this, arguments);","    return deferred.promise;","  };","};",""],"l":{"45":1,"46":1,"51":1,"52":1,"53":0,"56":1,"62":1,"68":1,"69":0,"83":1,"84":0,"85":0,"89":1,"90":0,"91":0,"95":1,"96":0,"97":0,"102":1,"103":0,"106":1,"107":0,"111":1,"112":0,"115":1,"116":0,"120":1,"121":0,"124":1,"126":1,"127":1,"128":0,"131":1,"133":1,"134":0,"135":0,"136":0,"138":1,"139":0,"140":0,"142":0,"143":0,"144":0,"145":0,"148":1,"149":0,"150":0,"151":0,"152":0,"153":0,"154":0,"156":0,"157":0,"158":0,"159":0,"160":0,"162":0,"165":0,"168":0,"169":0,"175":0,"176":0,"177":0,"181":0,"186":0,"187":0,"191":0,"192":0,"193":0,"194":0,"195":0,"196":0,"197":0,"201":0,"205":0,"206":0,"207":0,"208":0,"212":0,"213":0,"214":0,"215":0,"216":0,"219":0,"221":0,"223":0,"224":0,"225":0,"226":0,"227":0,"229":0,"230":0,"231":0,"232":0,"233":0,"236":0,"240":0,"244":0,"245":0,"246":0,"247":0,"248":0,"250":0,"253":0,"256":1,"257":0,"258":0,"259":0,"262":0,"264":0,"265":0,"267":0,"268":0,"269":0,"271":0,"272":0,"273":0,"289":1,"290":0,"291":0,"294":0,"306":1,"307":0,"308":0,"310":0,"319":1,"320":0,"321":0,"324":0,"335":1,"336":0,"337":0,"340":0,"351":1,"352":0,"353":0,"356":0,"369":1,"370":0,"371":0,"373":0,"374":0,"375":0,"376":0,"377":0,"380":0,"381":0,"382":0,"384":0,"385":0,"387":0,"388":0,"390":0,"393":0,"405":1,"406":0,"407":0,"408":0,"410":0,"411":0,"412":0,"414":0,"415":0,"416":1,"417":0,"418":0,"419":0,"420":0,"425":0,"434":1,"435":0,"436":0,"437":0,"439":0,"440":0,"441":0,"442":0,"443":0,"444":0,"448":0,"449":0,"450":0,"454":0,"464":1,"465":0,"466":0,"467":1,"468":0,"469":0,"470":0,"473":0,"476":0,"477":0,"486":1,"487":1,"488":0,"489":0,"490":0,"492":0,"503":1,"504":0,"506":0,"507":0,"508":0,"509":0,"512":0,"514":0,"515":0,"518":0,"522":0,"523":0,"531":1,"532":50,"533":50,"534":2,"536":50,"537":0,"538":0,"539":0,"540":0,"541":0,"544":0,"546":0,"547":0,"550":0,"554":0,"555":0}},"/home/travis/build/npmtest/node-npmtest-zookeeper/node_modules/zookeeper/lib/fs-promise.js":{"path":"/home/travis/build/npmtest/node-npmtest-zookeeper/node_modules/zookeeper/lib/fs-promise.js","s":{"1":1,"2":1,"3":80,"4":48,"5":1,"6":1},"b":{"1":[48,32]},"f":{},"fnMap":{},"statementMap":{"1":{"start":{"line":5,"column":0},"end":{"line":6,"column":75}},"2":{"start":{"line":9,"column":0},"end":{"line":13,"column":1}},"3":{"start":{"line":10,"column":2},"end":{"line":12,"column":3}},"4":{"start":{"line":11,"column":4},"end":{"line":11,"column":49}},"5":{"start":{"line":16,"column":0},"end":{"line":16,"column":65}},"6":{"start":{"line":17,"column":0},"end":{"line":17,"column":63}}},"branchMap":{"1":{"line":10,"type":"if","locations":[{"start":{"line":10,"column":2},"end":{"line":10,"column":2}},{"start":{"line":10,"column":2},"end":{"line":10,"column":2}}]}},"code":["/**","* Node fs module that returns promises","*/","","var fs = require(\"fs\"),","  convertNodeAsyncFunction = require(\"./promise\").convertNodeAsyncFunction;","","// convert all the non-sync functions","for (var i in fs) {","  if (!(i.match(/Sync$/))) {","    exports[i] = convertNodeAsyncFunction(fs[i]);","  }","}","","// convert the functions that don't have a declared callback","exports.writeFile = convertNodeAsyncFunction(fs.writeFile, true);","exports.readFile = convertNodeAsyncFunction(fs.readFile, true);"],"l":{"5":1,"9":1,"10":80,"11":48,"16":1,"17":1}}}